<?xml version="1.0" encoding="utf-8"?><testsuites name="pytest tests"><testsuite name="pytest" errors="0" failures="0" skipped="0" tests="16" time="10.910" timestamp="2026-04-28T14:59:00.574580+00:00" hostname="agent-env-fb1de7be-2999-4baa-93c1-03d0e4847cea"><testcase classname="tests.test_accounts_lifecycle.TestAddBalanceAutoHeal" name="test_add_balance_user_without_checking_no_404" time="1.013" /><testcase classname="tests.test_accounts_lifecycle.TestAddBalanceAutoHeal" name="test_add_balance_admin_credit_transaction_persisted" time="0.248" /><testcase classname="tests.test_accounts_lifecycle.TestTaxPaymentAutoHeal" name="test_tax_payment_user_without_checking_no_404" time="1.410" /><testcase classname="tests.test_accounts_lifecycle.TestBackfillAccounts" name="test_backfill_returns_full_payload" time="0.412" /><testcase classname="tests.test_accounts_lifecycle.TestBackfillAccounts" name="test_backfill_idempotent" time="0.819" /><testcase classname="tests.test_accounts_lifecycle.TestBackfillAccounts" name="test_backfill_requires_admin" time="1.033" /><testcase classname="tests.test_accounts_lifecycle.TestBalanceSummary" name="test_balance_summary_returns_4_fields" time="0.168" /><testcase classname="tests.test_accounts_lifecycle.TestBalanceSummary" name="test_balance_summary_user_not_found" time="0.198" /><testcase classname="tests.test_accounts_lifecycle.TestBalanceSummary" name="test_balance_summary_requires_admin" time="0.795" /><testcase classname="tests.test_accounts_lifecycle.TestEnsureCheckingIdempotency" name="test_calling_5_times_creates_only_one_doc" time="0.790" /><testcase classname="tests.test_accounts_lifecycle.TestAutoProvisionedSchema" name="test_schema_fields" time="0.199" /><testcase classname="tests.test_accounts_lifecycle.TestClientImportAutoProvision" name="test_create_path_auto_provisions_with_seed" time="0.674" /><testcase classname="tests.test_accounts_lifecycle.TestClientImportAutoProvision" name="test_reactivate_path_auto_heals_and_no_dup" time="1.529" /><testcase classname="tests.test_accounts_lifecycle.TestSignupRegression" name="test_signup_creates_accounts_no_dup" time="0.613" /><testcase classname="tests.test_accounts_lifecycle.TestSignupRegression" name="test_admin_login_still_works" time="0.453" /><testcase classname="tests.test_accounts_lifecycle.TestSignupRegression" name="test_admin_users_listing" time="0.211" /></testsuite></testsuites>