<?xml version="1.0" encoding="utf-8"?><testsuites name="pytest tests"><testsuite name="pytest" errors="0" failures="0" skipped="0" tests="16" time="6.264" timestamp="2026-04-04T22:23:09.783544+00:00" hostname="agent-env-fb1de7be-2999-4baa-93c1-03d0e4847cea"><testcase classname="backend.tests.test_achievements.TestAchievementsAPI" name="test_achievements_requires_auth" time="0.581" /><testcase classname="backend.tests.test_achievements.TestAchievementsAPI" name="test_achievements_returns_all_fields" time="1.217" /><testcase classname="backend.tests.test_achievements.TestAchievementsAPI" name="test_achievements_structure" time="0.223" /><testcase classname="backend.tests.test_achievements.TestAchievementsAPI" name="test_admin_has_expected_achievements" time="0.269" /><testcase classname="backend.tests.test_achievements.TestAchievementsAPI" name="test_bronce_user_has_first_login_only" time="1.058" /><testcase classname="backend.tests.test_achievements.TestAchievementsAPI" name="test_progress_percentage_calculation" time="0.194" /><testcase classname="backend.tests.test_achievements.TestAchievementsAPI" name="test_all_categories_present" time="0.223" /><testcase classname="backend.tests.test_achievements.TestAchievementsAPI" name="test_all_10_achievements_defined" time="0.170" /><testcase classname="backend.tests.test_achievements.TestAchievementsAPI" name="test_newly_unlocked_is_list" time="0.151" /><testcase classname="backend.tests.test_achievements.TestAchievementsAPI" name="test_unlocked_achievements_have_date" time="0.180" /><testcase classname="backend.tests.test_achievements.TestAchievementsAPI" name="test_locked_achievements_no_date" time="0.244" /><testcase classname="backend.tests.test_achievements.TestAchievementCategories" name="test_basico_category_has_2_achievements" time="0.788" /><testcase classname="backend.tests.test_achievements.TestAchievementCategories" name="test_transacciones_category_has_1_achievement" time="0.246" /><testcase classname="backend.tests.test_achievements.TestAchievementCategories" name="test_inversion_category_has_2_achievements" time="0.214" /><testcase classname="backend.tests.test_achievements.TestAchievementCategories" name="test_actividad_category_has_2_achievements" time="0.169" /><testcase classname="backend.tests.test_achievements.TestAchievementCategories" name="test_niveles_category_has_3_achievements" time="0.149" /></testsuite></testsuites>