<?xml version="1.0" encoding="utf-8"?><testsuites name="pytest tests"><testsuite name="pytest" errors="0" failures="4" skipped="0" tests="9" time="13.947" timestamp="2026-02-27T02:04:39.120471+00:00" hostname="agent-env-99e9fd80-ce13-48fc-bce7-821db8030292"><testcase classname="backend.tests.test_admin_deposits.TestAdminOnlyDeposits" name="test_deposit_disabled_for_regular_users" time="1.827" /><testcase classname="backend.tests.test_admin_deposits.TestAdminAddBalance" name="test_admin_can_add_balance" time="1.602"><failure message="AssertionError: Admin add-balance failed: {&quot;detail&quot;:&quot;Admin access required&quot;}&#10;assert 403 == 200&#10; +  where 403 = &lt;Response [403]&gt;.status_code">backend/tests/test_admin_deposits.py:72: in test_admin_can_add_balance
    assert response.status_code == 200, f"Admin add-balance failed: {response.text}"
E   AssertionError: Admin add-balance failed: {"detail":"Admin access required"}
E   assert 403 == 200
E    +  where 403 = &lt;Response [403]&gt;.status_code</failure></testcase><testcase classname="backend.tests.test_admin_deposits.TestAdminAddBalance" name="test_admin_add_balance_creates_admin_credit_transaction" time="1.736"><failure message="AssertionError: Add balance failed: {&quot;detail&quot;:&quot;Admin access required&quot;}&#10;assert 403 == 200&#10; +  where 403 = &lt;Response [403]&gt;.status_code">backend/tests/test_admin_deposits.py:104: in test_admin_add_balance_creates_admin_credit_transaction
    assert response.status_code == 200, f"Add balance failed: {response.text}"
E   AssertionError: Add balance failed: {"detail":"Admin access required"}
E   assert 403 == 200
E    +  where 403 = &lt;Response [403]&gt;.status_code</failure></testcase><testcase classname="backend.tests.test_admin_deposits.TestAdminAddBalance" name="test_admin_add_balance_non_admin_forbidden" time="1.049" /><testcase classname="backend.tests.test_admin_deposits.TestAdminAddBalance" name="test_admin_add_balance_invalid_user" time="0.879" /><testcase classname="backend.tests.test_admin_deposits.TestAdminAddBalance" name="test_admin_add_balance_eur_currency" time="1.803"><failure message="AssertionError: EUR add-balance failed: {&quot;detail&quot;:&quot;Admin access required&quot;}&#10;assert 403 == 200&#10; +  where 403 = &lt;Response [403]&gt;.status_code">backend/tests/test_admin_deposits.py:176: in test_admin_add_balance_eur_currency
    assert response.status_code == 200, f"EUR add-balance failed: {response.text}"
E   AssertionError: EUR add-balance failed: {"detail":"Admin access required"}
E   assert 403 == 200
E    +  where 403 = &lt;Response [403]&gt;.status_code</failure></testcase><testcase classname="backend.tests.test_admin_deposits.TestAdminCreditsEndpoint" name="test_admin_can_get_credits" time="0.833" /><testcase classname="backend.tests.test_admin_deposits.TestAdminCreditsEndpoint" name="test_non_admin_cannot_get_credits" time="1.949" /><testcase classname="backend.tests.test_admin_deposits.TestUserNotification" name="test_user_gets_notification_on_balance_add" time="1.786"><failure message="AssertionError: Add balance failed: {&quot;detail&quot;:&quot;Admin access required&quot;}&#10;assert 403 == 200&#10; +  where 403 = &lt;Response [403]&gt;.status_code">backend/tests/test_admin_deposits.py:238: in test_user_gets_notification_on_balance_add
    assert response.status_code == 200, f"Add balance failed: {response.text}"
E   AssertionError: Add balance failed: {"detail":"Admin access required"}
E   assert 403 == 200
E    +  where 403 = &lt;Response [403]&gt;.status_code</failure></testcase></testsuite></testsuites>