<?xml version="1.0" encoding="utf-8"?><testsuites name="pytest tests"><testsuite name="pytest" errors="0" failures="0" skipped="0" tests="9" time="12.740" timestamp="2026-02-27T02:05:16.988043+00:00" hostname="agent-env-99e9fd80-ce13-48fc-bce7-821db8030292"><testcase classname="backend.tests.test_admin_deposits.TestAdminOnlyDeposits" name="test_deposit_disabled_for_regular_users" time="1.477" /><testcase classname="backend.tests.test_admin_deposits.TestAdminAddBalance" name="test_admin_can_add_balance" time="2.714" /><testcase classname="backend.tests.test_admin_deposits.TestAdminAddBalance" name="test_admin_add_balance_creates_admin_credit_transaction" time="1.606" /><testcase classname="backend.tests.test_admin_deposits.TestAdminAddBalance" name="test_admin_add_balance_non_admin_forbidden" time="0.783" /><testcase classname="backend.tests.test_admin_deposits.TestAdminAddBalance" name="test_admin_add_balance_invalid_user" time="0.806" /><testcase classname="backend.tests.test_admin_deposits.TestAdminAddBalance" name="test_admin_add_balance_eur_currency" time="1.579" /><testcase classname="backend.tests.test_admin_deposits.TestAdminCreditsEndpoint" name="test_admin_can_get_credits" time="0.789" /><testcase classname="backend.tests.test_admin_deposits.TestAdminCreditsEndpoint" name="test_non_admin_cannot_get_credits" time="0.728" /><testcase classname="backend.tests.test_admin_deposits.TestUserNotification" name="test_user_gets_notification_on_balance_add" time="2.145" /></testsuite></testsuites>