<?xml version="1.0" encoding="utf-8"?><testsuites name="pytest tests"><testsuite name="pytest" errors="0" failures="0" skipped="0" tests="6" time="8.559" timestamp="2026-04-28T15:23:00.606865+00:00" hostname="agent-env-fb1de7be-2999-4baa-93c1-03d0e4847cea"><testcase classname="tests.test_admin_users_health" name="test_admin_users_endpoint_ok" time="8.224" /><testcase classname="tests.test_admin_users_health" name="test_every_user_has_health_field" time="0.001" /><testcase classname="tests.test_admin_users_health" name="test_health_level_logic_matches_flags" time="0.001" /><testcase classname="tests.test_admin_users_health" name="test_admin_user_is_green" time="0.001" /><testcase classname="tests.test_admin_users_health" name="test_reasons_consistent_with_flags" time="0.001" /><testcase classname="tests.test_admin_users_health" name="test_unauthorized_403" time="0.267" /></testsuite></testsuites>