<?xml version="1.0" encoding="utf-8"?><testsuites name="pytest tests"><testsuite name="pytest" errors="0" failures="0" skipped="0" tests="18" time="10.456" timestamp="2026-04-28T01:40:12.692182+00:00" hostname="agent-env-fb1de7be-2999-4baa-93c1-03d0e4847cea"><testcase classname="backend.tests.test_client_import_analytics.TestFunnel" name="test_funnel_global_structure" time="1.449" /><testcase classname="backend.tests.test_client_import_analytics.TestFunnel" name="test_funnel_cumulative_monotonic" time="0.244" /><testcase classname="backend.tests.test_client_import_analytics.TestFunnel" name="test_funnel_by_group_includes_recuperar_or_espanoles" time="0.405" /><testcase classname="backend.tests.test_client_import_analytics.TestFunnel" name="test_funnel_filter_group_recuperar" time="0.273" /><testcase classname="backend.tests.test_client_import_analytics.TestFunnel" name="test_funnel_filter_job_id" time="0.781" /><testcase classname="backend.tests.test_client_import_analytics.TestFunnel" name="test_funnel_admin_only" time="2.582" /><testcase classname="backend.tests.test_client_import_analytics.TestSegmentPreview" name="test_segments_valid[not_opened]" time="0.188" /><testcase classname="backend.tests.test_client_import_analytics.TestSegmentPreview" name="test_segments_valid[opened_no_login]" time="0.167" /><testcase classname="backend.tests.test_client_import_analytics.TestSegmentPreview" name="test_segments_valid[no_kyc]" time="0.183" /><testcase classname="backend.tests.test_client_import_analytics.TestSegmentPreview" name="test_segment_invalid_400" time="0.169" /><testcase classname="backend.tests.test_client_import_analytics.TestSegmentPreview" name="test_segment_filter_group" time="0.332" /><testcase classname="backend.tests.test_client_import_analytics.TestSegmentPreview" name="test_segment_admin_only" time="0.171" /><testcase classname="backend.tests.test_client_import_analytics.TestResendCampaign" name="test_resend_invalid_segment_400" time="0.426" /><testcase classname="backend.tests.test_client_import_analytics.TestResendCampaign" name="test_resend_basic_creates_record" time="1.230" /><testcase classname="backend.tests.test_client_import_analytics.TestResendCampaign" name="test_resend_with_custom_subject_intro" time="0.222" /><testcase classname="backend.tests.test_client_import_analytics.TestResendCampaign" name="test_resend_with_group_filter_reduces" time="0.987" /><testcase classname="backend.tests.test_client_import_analytics.TestResendCampaign" name="test_campaigns_list_sorted_desc" time="0.322" /><testcase classname="backend.tests.test_client_import_analytics.TestResendCampaign" name="test_resend_admin_only" time="0.167" /></testsuite></testsuites>