<?xml version="1.0" encoding="utf-8"?><testsuites name="pytest tests"><testsuite name="pytest" errors="0" failures="0" skipped="0" tests="8" time="5.190" timestamp="2026-04-09T17:12:28.939709+00:00" hostname="agent-env-fb1de7be-2999-4baa-93c1-03d0e4847cea"><testcase classname="backend.tests.test_bank_transfer_access.TestBankTransferAccess" name="test_admin_has_bank_transfer_access" time="1.065" /><testcase classname="backend.tests.test_bank_transfer_access.TestBankTransferAccess" name="test_restricted_user_no_bank_transfer_access" time="0.765" /><testcase classname="backend.tests.test_bank_transfer_access.TestBankTransferAccess" name="test_bank_transfer_access_requires_auth" time="0.161" /><testcase classname="backend.tests.test_bank_transfer_access.TestBankTransferAccess" name="test_admin_can_confirm_bank_transfer" time="0.737" /><testcase classname="backend.tests.test_bank_transfer_access.TestBankTransferAccess" name="test_restricted_user_cannot_confirm_bank_transfer" time="0.708" /><testcase classname="backend.tests.test_bank_transfer_access.TestBankTransferAccess" name="test_bank_transfer_confirm_requires_auth" time="0.167" /><testcase classname="backend.tests.test_bank_transfer_access.TestBankTransferAccess" name="test_bank_transfer_confirm_requires_reference" time="0.771" /><testcase classname="backend.tests.test_bank_transfer_access.TestExistingPaymentMethods" name="test_crypto_wallets_endpoint_still_works" time="0.751" /></testsuite></testsuites>