<?xml version="1.0" encoding="utf-8"?><testsuites name="pytest tests"><testsuite name="pytest" errors="0" failures="0" skipped="0" tests="16" time="3.915" timestamp="2026-04-05T00:07:00.281810+00:00" hostname="agent-env-fb1de7be-2999-4baa-93c1-03d0e4847cea"><testcase classname="backend.tests.test_binance_wallet.TestBinancePrices" name="test_prices_returns_200" time="0.418" /><testcase classname="backend.tests.test_binance_wallet.TestBinancePrices" name="test_prices_returns_expected_coins" time="0.147" /><testcase classname="backend.tests.test_binance_wallet.TestBinancePrices" name="test_prices_structure" time="0.172" /><testcase classname="backend.tests.test_binance_wallet.TestBinanceTickers" name="test_tickers_returns_200" time="0.163" /><testcase classname="backend.tests.test_binance_wallet.TestBinanceTickers" name="test_tickers_returns_24h_data" time="0.175" /><testcase classname="backend.tests.test_binance_wallet.TestBinanceTickers" name="test_tickers_all_expected_coins" time="0.165" /><testcase classname="backend.tests.test_binance_wallet.TestBinanceWallet" name="test_wallet_requires_auth" time="0.152" /><testcase classname="backend.tests.test_binance_wallet.TestBinanceWallet" name="test_wallet_returns_200_with_auth" time="0.661" /><testcase classname="backend.tests.test_binance_wallet.TestBinanceWallet" name="test_wallet_has_summary_values" time="0.142" /><testcase classname="backend.tests.test_binance_wallet.TestBinanceWallet" name="test_wallet_has_assets_array" time="0.147" /><testcase classname="backend.tests.test_binance_wallet.TestBinanceWallet" name="test_wallet_asset_structure" time="0.173" /><testcase classname="backend.tests.test_binance_wallet.TestBinanceWallet" name="test_wallet_has_distribution" time="0.145" /><testcase classname="backend.tests.test_binance_wallet.TestBinanceWallet" name="test_wallet_has_top_assets" time="0.148" /><testcase classname="backend.tests.test_binance_wallet.TestBinanceWallet" name="test_wallet_test_user" time="0.671" /><testcase classname="backend.tests.test_binance_wallet.TestBinancePriceValues" name="test_btc_price_realistic" time="0.176" /><testcase classname="backend.tests.test_binance_wallet.TestBinancePriceValues" name="test_eth_price_realistic" time="0.152" /></testsuite></testsuites>