<?xml version="1.0" encoding="utf-8"?><testsuites name="pytest tests"><testsuite name="pytest" errors="0" failures="0" skipped="0" tests="14" time="9.016" timestamp="2026-03-27T17:38:09.247113+00:00" hostname="agent-env-fb1de7be-2999-4baa-93c1-03d0e4847cea"><testcase classname="backend.tests.test_chatbot_and_auth.TestHealthCheck" name="test_api_health" time="0.453" /><testcase classname="backend.tests.test_chatbot_and_auth.TestAdminLogin" name="test_admin_login_success" time="1.237" /><testcase classname="backend.tests.test_chatbot_and_auth.TestAdminLogin" name="test_login_invalid_credentials" time="0.482" /><testcase classname="backend.tests.test_chatbot_and_auth.TestAdminLogin" name="test_auth_me_with_token" time="1.570" /><testcase classname="backend.tests.test_chatbot_and_auth.TestChatbotAPI" name="test_chatbot_retiro_keyword" time="0.421" /><testcase classname="backend.tests.test_chatbot_and_auth.TestChatbotAPI" name="test_chatbot_impuesto_keyword" time="0.167" /><testcase classname="backend.tests.test_chatbot_and_auth.TestChatbotAPI" name="test_chatbot_tiempo_keyword" time="0.213" /><testcase classname="backend.tests.test_chatbot_and_auth.TestChatbotAPI" name="test_chatbot_verificacion_keyword" time="0.250" /><testcase classname="backend.tests.test_chatbot_and_auth.TestChatbotAPI" name="test_chatbot_minimo_keyword" time="0.230" /><testcase classname="backend.tests.test_chatbot_and_auth.TestChatbotAPI" name="test_chatbot_soporte_keyword" time="0.358" /><testcase classname="backend.tests.test_chatbot_and_auth.TestChatbotAPI" name="test_chatbot_unmatched_query" time="0.279" /><testcase classname="backend.tests.test_chatbot_and_auth.TestChatbotAPI" name="test_chatbot_empty_message" time="0.353" /><testcase classname="backend.tests.test_chatbot_and_auth.TestDashboardAccess" name="test_accounts_endpoint" time="1.146" /><testcase classname="backend.tests.test_chatbot_and_auth.TestDashboardAccess" name="test_notifications_endpoint" time="1.732" /></testsuite></testsuites>