<?xml version="1.0" encoding="utf-8"?><testsuites name="pytest tests"><testsuite name="pytest" errors="0" failures="0" skipped="1" tests="18" time="18.239" timestamp="2026-04-28T01:18:52.320115+00:00" hostname="agent-env-fb1de7be-2999-4baa-93c1-03d0e4847cea"><testcase classname="backend.tests.test_client_import.TestPreview" name="test_preview_empty_file" time="6.224" /><testcase classname="backend.tests.test_client_import.TestPreview" name="test_preview_no_email_column" time="0.218" /><testcase classname="backend.tests.test_client_import.TestPreview" name="test_preview_non_admin_403" time="1.224" /><testcase classname="backend.tests.test_client_import.TestPreview" name="test_preview_valid_with_dup_and_reactivate" time="0.218" /><testcase classname="backend.tests.test_client_import.TestExecute" name="test_execute_commits_create_and_reactivate" time="0.816" /><testcase classname="backend.tests.test_client_import.TestExecute" name="test_new_user_can_login_with_temp_password" time="0.717" /><testcase classname="backend.tests.test_client_import.TestExecute" name="test_new_user_wrong_password_401" time="0.672" /><testcase classname="backend.tests.test_client_import.TestExecute" name="test_auth_me_exposes_must_change_flag" time="0.803" /><testcase classname="backend.tests.test_client_import.TestExecute" name="test_change_password_clears_flag" time="4.200" /><testcase classname="backend.tests.test_client_import.TestExecute" name="test_execute_again_400" time="0.167" /><testcase classname="backend.tests.test_client_import.TestExecute" name="test_execute_unknown_job_404" time="0.161" /><testcase classname="backend.tests.test_client_import.TestExecute" name="test_reupload_dedupes" time="0.167" /><testcase classname="backend.tests.test_client_import.TestJobsHistory" name="test_jobs_list" time="0.176" /><testcase classname="backend.tests.test_client_import.TestJobsHistory" name="test_jobs_list_non_admin_403" time="1.186" /><testcase classname="backend.tests.test_client_import.TestJobsHistory" name="test_job_detail_enriched" time="0.399" /><testcase classname="backend.tests.test_client_import.TestJobsHistory" name="test_job_detail_not_found" time="0.203" /><testcase classname="backend.tests.test_client_import.TestTrackingPixel" name="test_returns_png" time="0.151" /><testcase classname="backend.tests.test_client_import.TestTrackingPixel" name="test_token_marks_engagement" time="0.354"><skipped type="pytest.skip" message="No executed job rows with email_open_token found">/app/backend/tests/test_client_import.py:316: No executed job rows with email_open_token found</skipped></testcase></testsuite></testsuites>