<?xml version="1.0" encoding="utf-8"?><testsuites name="pytest tests"><testsuite name="pytest" errors="0" failures="0" skipped="0" tests="9" time="5.005" timestamp="2026-04-02T15:22:21.438936+00:00" hostname="agent-env-fb1de7be-2999-4baa-93c1-03d0e4847cea"><testcase classname="backend.tests.test_coingecko_market.TestCoinGeckoMarketEndpoints" name="test_market_crypto_endpoint" time="0.620" /><testcase classname="backend.tests.test_coingecko_market.TestCoinGeckoMarketEndpoints" name="test_market_global_endpoint" time="0.361" /><testcase classname="backend.tests.test_coingecko_market.TestCoinGeckoMarketEndpoints" name="test_market_trending_endpoint" time="0.293" /><testcase classname="backend.tests.test_coingecko_market.TestEmailNotificationSystem" name="test_email_notifications_log_exists" time="0.992" /><testcase classname="backend.tests.test_coingecko_market.TestEmailNotificationSystem" name="test_admin_can_add_balance_for_notification_test" time="0.938" /><testcase classname="backend.tests.test_coingecko_market.TestMarketDataCaching" name="test_crypto_endpoint_returns_consistent_data" time="0.700" /><testcase classname="backend.tests.test_coingecko_market.TestMarketDataCaching" name="test_global_endpoint_returns_consistent_data" time="0.260" /><testcase classname="backend.tests.test_coingecko_market.TestHealthAndAuth" name="test_health_check" time="0.146" /><testcase classname="backend.tests.test_coingecko_market.TestHealthAndAuth" name="test_admin_login" time="0.551" /></testsuite></testsuites>