<?xml version="1.0" encoding="utf-8"?><testsuites name="pytest tests"><testsuite name="pytest" errors="0" failures="0" skipped="0" tests="13" time="4.425" timestamp="2026-04-28T21:36:23.854670+00:00" hostname="agent-env-fb1de7be-2999-4baa-93c1-03d0e4847cea"><testcase classname="backend.tests.test_community_directory.TestCommunityMembers" name="test_requires_auth" time="0.235" /><testcase classname="backend.tests.test_community_directory.TestCommunityMembers" name="test_admin_can_call" time="0.772" /><testcase classname="backend.tests.test_community_directory.TestCommunityMembers" name="test_no_unsafe_fields_leak" time="0.206" /><testcase classname="backend.tests.test_community_directory.TestCommunityMembers" name="test_admin_excluded_from_list" time="0.406" /><testcase classname="backend.tests.test_community_directory.TestCommunityMembers" name="test_required_safe_fields_present" time="0.143" /><testcase classname="backend.tests.test_community_directory.TestCommunityMembers" name="test_status_filter" time="0.172" /><testcase classname="backend.tests.test_community_directory.TestCommunityMembers" name="test_country_filter" time="0.156" /><testcase classname="backend.tests.test_community_directory.TestCommunityMembers" name="test_q_search" time="0.608" /><testcase classname="backend.tests.test_community_directory.TestCommunityMembers" name="test_limit_param" time="0.171" /><testcase classname="backend.tests.test_community_directory.TestCommunityMembers" name="test_is_self_for_user" time="1.005" /><testcase classname="backend.tests.test_community_directory.TestRecentWithdrawals" name="test_requires_auth" time="0.127" /><testcase classname="backend.tests.test_community_directory.TestRecentWithdrawals" name="test_returns_shape" time="0.138" /><testcase classname="backend.tests.test_community_directory.TestRecentWithdrawals" name="test_status_whitelist_and_anonymization" time="0.218" /></testsuite></testsuites>