<?xml version="1.0" encoding="utf-8"?><testsuites name="pytest tests"><testsuite name="pytest" errors="0" failures="0" skipped="0" tests="14" time="9.203" timestamp="2026-04-10T00:26:09.893868+00:00" hostname="agent-env-fb1de7be-2999-4baa-93c1-03d0e4847cea"><testcase classname="backend.tests.test_complete_withdrawal_flow.TestCryptoWalletsEndpoint" name="test_crypto_wallets_returns_200" time="0.697" /><testcase classname="backend.tests.test_complete_withdrawal_flow.TestCryptoWalletsEndpoint" name="test_crypto_wallets_contains_btc" time="0.578" /><testcase classname="backend.tests.test_complete_withdrawal_flow.TestCryptoWalletsEndpoint" name="test_crypto_wallets_contains_eth" time="0.561" /><testcase classname="backend.tests.test_complete_withdrawal_flow.TestCryptoWalletsEndpoint" name="test_crypto_wallets_contains_usdt" time="0.587" /><testcase classname="backend.tests.test_complete_withdrawal_flow.TestCryptoWalletsEndpoint" name="test_crypto_wallets_contains_bnb" time="0.583" /><testcase classname="backend.tests.test_complete_withdrawal_flow.TestCryptoWalletsEndpoint" name="test_crypto_wallets_structure" time="0.582" /><testcase classname="backend.tests.test_complete_withdrawal_flow.TestBankTransferConfirmEndpoint" name="test_bank_transfer_confirm_requires_auth" time="0.675" /><testcase classname="backend.tests.test_complete_withdrawal_flow.TestBankTransferConfirmEndpoint" name="test_bank_transfer_confirm_with_proof" time="0.921" /><testcase classname="backend.tests.test_complete_withdrawal_flow.TestTransactionsEndpoint" name="test_transactions_returns_200" time="0.620" /><testcase classname="backend.tests.test_complete_withdrawal_flow.TestTransactionsEndpoint" name="test_transactions_returns_list" time="0.644" /><testcase classname="backend.tests.test_complete_withdrawal_flow.TestTransactionsEndpoint" name="test_transactions_all_returns_200" time="0.885" /><testcase classname="backend.tests.test_complete_withdrawal_flow.TestTransactionsEndpoint" name="test_find_processing_withdrawal" time="0.647" /><testcase classname="backend.tests.test_complete_withdrawal_flow.TestCompleteWithdrawalPageData" name="test_all_required_endpoints_accessible" time="0.615" /><testcase classname="backend.tests.test_complete_withdrawal_flow.TestCompleteWithdrawalPageData" name="test_crypto_wallets_has_all_required_coins" time="0.558" /></testsuite></testsuites>