<?xml version="1.0" encoding="utf-8"?><testsuites name="pytest tests"><testsuite name="pytest" errors="0" failures="0" skipped="0" tests="9" time="4.754" timestamp="2026-04-02T12:59:39.433335+00:00" hostname="agent-env-fb1de7be-2999-4baa-93c1-03d0e4847cea"><testcase classname="backend.tests.test_crypto_payment.TestCryptoWallets" name="test_get_crypto_wallets_returns_btc" time="1.743" /><testcase classname="backend.tests.test_crypto_payment.TestCryptoPaymentSubmission" name="test_submit_crypto_payment_requires_auth" time="0.273" /><testcase classname="backend.tests.test_crypto_payment.TestCryptoPaymentSubmission" name="test_submit_crypto_payment_invalid_transaction" time="0.352" /><testcase classname="backend.tests.test_crypto_payment.TestCryptoPaymentStatus" name="test_get_crypto_payment_status_requires_auth" time="0.185" /><testcase classname="backend.tests.test_crypto_payment.TestCryptoPaymentStatus" name="test_get_crypto_payment_status_returns_array" time="0.497" /><testcase classname="backend.tests.test_crypto_payment.TestWithdrawFlow" name="test_withdraw_page_accessible" time="0.173" /><testcase classname="backend.tests.test_crypto_payment.TestWithdrawFlow" name="test_create_withdrawal_requires_banking_info" time="0.425" /><testcase classname="backend.tests.test_crypto_payment.TestHealthAndAuth" name="test_health_check" time="0.235" /><testcase classname="backend.tests.test_crypto_payment.TestHealthAndAuth" name="test_admin_login" time="0.744" /></testsuite></testsuites>