<?xml version="1.0" encoding="utf-8"?><testsuites name="pytest tests"><testsuite name="pytest" errors="0" failures="0" skipped="0" tests="21" time="10.707" timestamp="2026-04-04T21:56:03.855063+00:00" hostname="agent-env-fb1de7be-2999-4baa-93c1-03d0e4847cea"><testcase classname="backend.tests.test_engagement_features.TestInvestmentFeature" name="test_get_accounts" time="0.695" /><testcase classname="backend.tests.test_engagement_features.TestInvestmentFeature" name="test_get_account_summary" time="0.152" /><testcase classname="backend.tests.test_engagement_features.TestInvestmentFeature" name="test_invest_minimum_validation" time="0.288" /><testcase classname="backend.tests.test_engagement_features.TestInvestmentFeature" name="test_invest_insufficient_balance" time="0.289" /><testcase classname="backend.tests.test_engagement_features.TestInvestmentFeature" name="test_invest_success" time="0.418" /><testcase classname="backend.tests.test_engagement_features.TestInvestmentFeature" name="test_invest_invalid_account" time="0.165" /><testcase classname="backend.tests.test_engagement_features.TestActivityTracking" name="test_track_page_visit" time="0.544" /><testcase classname="backend.tests.test_engagement_features.TestActivityTracking" name="test_track_button_click" time="0.123" /><testcase classname="backend.tests.test_engagement_features.TestActivityTracking" name="test_track_session_active" time="0.105" /><testcase classname="backend.tests.test_engagement_features.TestActivityTracking" name="test_get_activity_score" time="0.743" /><testcase classname="backend.tests.test_engagement_features.TestIncompleteProcess" name="test_mark_incomplete_process" time="0.526" /><testcase classname="backend.tests.test_engagement_features.TestIncompleteProcess" name="test_mark_incomplete_idempotent" time="0.773" /><testcase classname="backend.tests.test_engagement_features.TestIncompleteProcess" name="test_resolve_incomplete_process" time="0.244" /><testcase classname="backend.tests.test_engagement_features.TestIntentDetection" name="test_withdraw_visits_tracking" time="0.911" /><testcase classname="backend.tests.test_engagement_features.TestIntentDetection" name="test_activity_score_increases_with_interactions" time="2.680" /><testcase classname="backend.tests.test_engagement_features.TestWithdrawFormIntegration" name="test_withdraw_requires_kyc" time="1.225" /><testcase classname="backend.tests.test_engagement_features.TestEndpointAvailability" name="test_investment_endpoint_exists" time="0.132" /><testcase classname="backend.tests.test_engagement_features.TestEndpointAvailability" name="test_activity_endpoint_exists" time="0.149" /><testcase classname="backend.tests.test_engagement_features.TestEndpointAvailability" name="test_activity_score_endpoint_exists" time="0.216" /><testcase classname="backend.tests.test_engagement_features.TestEndpointAvailability" name="test_mark_incomplete_endpoint_exists" time="0.109" /><testcase classname="backend.tests.test_engagement_features.TestEndpointAvailability" name="test_resolve_incomplete_endpoint_exists" time="0.116" /></testsuite></testsuites>