<?xml version="1.0" encoding="utf-8"?><testsuites name="pytest tests"><testsuite name="pytest" errors="0" failures="0" skipped="0" tests="12" time="6.943" timestamp="2026-04-10T05:35:40.453110+00:00" hostname="agent-env-fb1de7be-2999-4baa-93c1-03d0e4847cea"><testcase classname="tests.test_feedback_system.TestFeedbackSubmission" name="test_submit_feedback_success" time="0.807" /><testcase classname="tests.test_feedback_system.TestFeedbackSubmission" name="test_submit_feedback_all_ratings" time="0.827" /><testcase classname="tests.test_feedback_system.TestFeedbackSubmission" name="test_submit_feedback_all_categories" time="0.923" /><testcase classname="tests.test_feedback_system.TestFeedbackSubmission" name="test_submit_feedback_without_comment" time="0.625" /><testcase classname="tests.test_feedback_system.TestFeedbackSubmission" name="test_submit_feedback_requires_auth" time="0.114" /><testcase classname="tests.test_feedback_system.TestFeedbackSubmission" name="test_submit_feedback_invalid_rating" time="0.761" /><testcase classname="tests.test_feedback_system.TestFeedbackHistory" name="test_get_my_feedback_returns_list" time="0.791" /><testcase classname="tests.test_feedback_system.TestFeedbackHistory" name="test_get_my_feedback_requires_auth" time="0.125" /><testcase classname="tests.test_feedback_system.TestAdminFeedback" name="test_admin_get_all_feedback" time="0.584" /><testcase classname="tests.test_feedback_system.TestAdminFeedback" name="test_admin_feedback_requires_admin_role" time="0.721" /><testcase classname="tests.test_feedback_system.TestAdminFeedback" name="test_admin_feedback_requires_auth" time="0.109" /><testcase classname="tests.test_feedback_system.TestScoringModule" name="test_scoring_module_imports" time="0.490" /></testsuite></testsuites>