<?xml version="1.0" encoding="utf-8"?><testsuites name="pytest tests"><testsuite name="pytest" errors="0" failures="0" skipped="0" tests="11" time="10.026" timestamp="2026-04-03T17:23:57.371616+00:00" hostname="agent-env-fb1de7be-2999-4baa-93c1-03d0e4847cea"><testcase classname="backend.tests.test_finnhub_admin.TestFinnhubNews" name="test_news_general_category" time="0.662" /><testcase classname="backend.tests.test_finnhub_admin.TestFinnhubNews" name="test_news_crypto_category" time="0.269" /><testcase classname="backend.tests.test_finnhub_admin.TestFinnhubNews" name="test_news_forex_category" time="0.817" /><testcase classname="backend.tests.test_finnhub_admin.TestFinnhubNews" name="test_news_merger_category" time="0.892" /><testcase classname="backend.tests.test_finnhub_admin.TestFinnhubNews" name="test_news_invalid_category_defaults_to_general" time="0.501" /><testcase classname="backend.tests.test_finnhub_admin.TestAdminLogin" name="test_admin_login_success" time="1.668" /><testcase classname="backend.tests.test_finnhub_admin.TestAdminLogin" name="test_admin_login_invalid_password" time="0.841" /><testcase classname="backend.tests.test_finnhub_admin.TestAdminCreditsPage" name="test_get_users_list" time="1.009" /><testcase classname="backend.tests.test_finnhub_admin.TestAdminCreditsPage" name="test_get_credits_history" time="1.000" /><testcase classname="backend.tests.test_finnhub_admin.TestAdminOnlineUsers" name="test_get_online_users" time="1.103" /><testcase classname="backend.tests.test_finnhub_admin.TestAdminOnlineUsers" name="test_online_users_requires_auth" time="1.145" /></testsuite></testsuites>