<?xml version="1.0" encoding="utf-8"?><testsuites name="pytest tests"><testsuite name="pytest" errors="0" failures="0" skipped="0" tests="10" time="11.693" timestamp="2026-08-20T18:27:47.737663+00:00" hostname="agent-env-fb1de7be-2999-4baa-93c1-03d0e4847cea"><testcase classname="backend.tests.test_fx2026_import_notifications" name="test_imported_user_login_success[manclic@yahoo.es-FX2026]" time="3.978" /><testcase classname="backend.tests.test_fx2026_import_notifications" name="test_imported_user_login_success[way3058@gmail.com-FX2026]" time="0.444" /><testcase classname="backend.tests.test_fx2026_import_notifications" name="test_imported_user_wrong_password" time="0.373" /><testcase classname="backend.tests.test_fx2026_import_notifications" name="test_preexisting_user_not_overwritten" time="0.383" /><testcase classname="backend.tests.test_fx2026_import_notifications" name="test_admin_intact" time="0.390" /><testcase classname="backend.tests.test_fx2026_import_notifications" name="test_imported_user_data_fields[manclic@yahoo.es-FX2026]" time="0.419" /><testcase classname="backend.tests.test_fx2026_import_notifications" name="test_imported_user_data_fields[way3058@gmail.com-FX2026]" time="0.006" /><testcase classname="backend.tests.test_fx2026_import_notifications" name="test_imported_user_has_checking_account" time="0.010" /><testcase classname="backend.tests.test_fx2026_import_notifications" name="test_broadcast_single_imported_user_in_app_and_email" time="4.779" /><testcase classname="backend.tests.test_fx2026_import_notifications" name="test_imported_user_welcome_notification" time="0.583" /></testsuite></testsuites>