<?xml version="1.0" encoding="utf-8"?><testsuites name="pytest tests"><testsuite name="pytest" errors="0" failures="0" skipped="0" tests="18" time="8.107" timestamp="2026-04-04T22:13:39.175355+00:00" hostname="agent-env-fb1de7be-2999-4baa-93c1-03d0e4847cea"><testcase classname="backend.tests.test_gamification_levels.TestGamificationLevels" name="test_admin_login_success" time="0.664" /><testcase classname="backend.tests.test_gamification_levels.TestGamificationLevels" name="test_admin_level_endpoint_returns_data" time="0.556" /><testcase classname="backend.tests.test_gamification_levels.TestGamificationLevels" name="test_admin_is_platino_level" time="0.522" /><testcase classname="backend.tests.test_gamification_levels.TestGamificationLevels" name="test_platino_has_no_next_level" time="0.458" /><testcase classname="backend.tests.test_gamification_levels.TestGamificationLevels" name="test_platino_benefits" time="0.597" /><testcase classname="backend.tests.test_gamification_levels.TestGamificationLevels" name="test_create_bronce_test_user" time="0.136" /><testcase classname="backend.tests.test_gamification_levels.TestGamificationLevels" name="test_bronce_user_level" time="0.523" /><testcase classname="backend.tests.test_gamification_levels.TestGamificationLevels" name="test_bronce_has_next_level_plata" time="0.499" /><testcase classname="backend.tests.test_gamification_levels.TestGamificationLevels" name="test_bronce_progress_to_plata" time="0.467" /><testcase classname="backend.tests.test_gamification_levels.TestGamificationLevels" name="test_bronce_dynamic_message" time="0.480" /><testcase classname="backend.tests.test_gamification_levels.TestGamificationLevels" name="test_bronce_benefits" time="0.466" /><testcase classname="backend.tests.test_gamification_levels.TestGamificationLevels" name="test_level_includes_investment_balance" time="0.491" /><testcase classname="backend.tests.test_gamification_levels.TestGamificationLevels" name="test_login_count_included" time="0.560" /><testcase classname="backend.tests.test_gamification_levels.TestGamificationLevels" name="test_leveled_up_field_exists" time="0.465" /><testcase classname="backend.tests.test_gamification_levels.TestGamificationLevels" name="test_level_order_field" time="0.455" /><testcase classname="backend.tests.test_gamification_levels.TestGamificationLevels" name="test_next_level_benefits_included" time="0.446" /><testcase classname="backend.tests.test_gamification_levels.TestLevelAPIValidation" name="test_level_endpoint_requires_auth" time="0.107" /><testcase classname="backend.tests.test_gamification_levels.TestLevelAPIValidation" name="test_level_endpoint_with_invalid_token" time="0.142" /></testsuite></testsuites>