<?xml version="1.0" encoding="utf-8"?><testsuites name="pytest tests"><testsuite name="pytest" errors="0" failures="0" skipped="0" tests="10" time="23.193" timestamp="2026-04-03T18:16:02.722616+00:00" hostname="agent-env-fb1de7be-2999-4baa-93c1-03d0e4847cea"><testcase classname="backend.tests.test_international_withdraw.TestInternationalWithdrawBackend" name="test_01_login_successful" time="3.302" /><testcase classname="backend.tests.test_international_withdraw.TestInternationalWithdrawBackend" name="test_02_get_accounts" time="1.096" /><testcase classname="backend.tests.test_international_withdraw.TestInternationalWithdrawBackend" name="test_03_withdraw_with_iban_european" time="2.497" /><testcase classname="backend.tests.test_international_withdraw.TestInternationalWithdrawBackend" name="test_04_withdraw_with_international_account_mexico" time="3.008" /><testcase classname="backend.tests.test_international_withdraw.TestInternationalWithdrawBackend" name="test_05_withdraw_with_international_account_colombia" time="2.553" /><testcase classname="backend.tests.test_international_withdraw.TestInternationalWithdrawBackend" name="test_06_withdraw_with_international_account_usa" time="2.194" /><testcase classname="backend.tests.test_international_withdraw.TestInternationalWithdrawBackend" name="test_07_withdraw_with_manual_bank_entry" time="2.234" /><testcase classname="backend.tests.test_international_withdraw.TestInternationalWithdrawBackend" name="test_08_banking_info_model_accepts_optional_fields" time="2.827" /><testcase classname="backend.tests.test_international_withdraw.TestInternationalWithdrawBackend" name="test_09_get_transactions_shows_banking_info" time="1.764" /><testcase classname="backend.tests.test_international_withdraw.TestInternationalWithdrawBackend" name="test_10_withdraw_requires_banking_info" time="1.432" /></testsuite></testsuites>