<?xml version="1.0" encoding="utf-8"?><testsuites name="pytest tests"><testsuite name="pytest" errors="0" failures="0" skipped="0" tests="12" time="4.165" timestamp="2026-04-05T00:26:09.827862+00:00" hostname="agent-env-fb1de7be-2999-4baa-93c1-03d0e4847cea"><testcase classname="backend.tests.test_investment_wallet.TestInvestmentHistoryEndpoint" name="test_investment_history_requires_auth" time="0.208" /><testcase classname="backend.tests.test_investment_wallet.TestInvestmentHistoryEndpoint" name="test_investment_history_returns_correct_structure" time="0.913" /><testcase classname="backend.tests.test_investment_wallet.TestInvestmentHistoryEndpoint" name="test_admin_has_investment_history" time="0.199" /><testcase classname="backend.tests.test_investment_wallet.TestInvestmentHistoryEndpoint" name="test_investment_history_items_structure" time="0.145" /><testcase classname="backend.tests.test_investment_wallet.TestAccountSummaryEndpoint" name="test_summary_requires_auth" time="0.147" /><testcase classname="backend.tests.test_investment_wallet.TestAccountSummaryEndpoint" name="test_summary_returns_correct_structure" time="0.150" /><testcase classname="backend.tests.test_investment_wallet.TestAccountSummaryEndpoint" name="test_admin_has_invested_balance" time="0.172" /><testcase classname="backend.tests.test_investment_wallet.TestInvestEndpoint" name="test_invest_requires_auth" time="0.137" /><testcase classname="backend.tests.test_investment_wallet.TestInvestEndpoint" name="test_invest_minimum_amount" time="0.383" /><testcase classname="backend.tests.test_investment_wallet.TestLoginEndpoint" name="test_admin_login_success" time="0.497" /><testcase classname="backend.tests.test_investment_wallet.TestLoginEndpoint" name="test_test_user_login_success" time="0.957" /><testcase classname="backend.tests.test_investment_wallet.TestLoginEndpoint" name="test_login_invalid_credentials" time="0.165" /></testsuite></testsuites>