<?xml version="1.0" encoding="utf-8"?><testsuites name="pytest tests"><testsuite name="pytest" errors="0" failures="0" skipped="0" tests="18" time="4.701" timestamp="2026-05-26T22:06:00.615336+00:00" hostname="agent-env-fb1de7be-2999-4baa-93c1-03d0e4847cea"><testcase classname="backend.tests.test_broadcast_single_and_global_map.TestBroadcastSearchUsers" name="test_requires_auth" time="0.333" /><testcase classname="backend.tests.test_broadcast_single_and_global_map.TestBroadcastSearchUsers" name="test_search_filters_out_admin" time="0.912" /><testcase classname="backend.tests.test_broadcast_single_and_global_map.TestBroadcastSearchUsers" name="test_search_with_query_jorg" time="0.258" /><testcase classname="backend.tests.test_broadcast_single_and_global_map.TestBroadcastSearchUsers" name="test_search_empty_q_returns_users" time="0.197" /><testcase classname="backend.tests.test_broadcast_single_and_global_map.TestBroadcastSingleAudience" name="test_single_without_target_user_id_400" time="0.160" /><testcase classname="backend.tests.test_broadcast_single_and_global_map.TestBroadcastSingleAudience" name="test_single_with_admin_id_returns_404" time="0.390" /><testcase classname="backend.tests.test_broadcast_single_and_global_map.TestBroadcastSingleAudience" name="test_single_with_invalid_user_id_returns_404" time="0.241" /><testcase classname="backend.tests.test_broadcast_single_and_global_map.TestBroadcastSingleAudience" name="test_single_with_valid_user_creates_one_notification" time="0.320" /><testcase classname="backend.tests.test_broadcast_single_and_global_map.TestBroadcastAllAudience" name="test_all_audience_still_works" time="0.218" /><testcase classname="backend.tests.test_broadcast_single_and_global_map.TestGlobalTransfers" name="test_requires_auth" time="0.159" /><testcase classname="backend.tests.test_broadcast_single_and_global_map.TestGlobalTransfers" name="test_returns_shape" time="0.180" /><testcase classname="backend.tests.test_broadcast_single_and_global_map.TestGlobalTransfers" name="test_items_have_required_fields" time="0.200" /><testcase classname="backend.tests.test_broadcast_single_and_global_map.TestGlobalTransfers" name="test_limit_is_padded_with_demo" time="0.174" /><testcase classname="backend.tests.test_broadcast_single_and_global_map.TestGlobalTransfersCrossBorder" name="test_items_have_cross_border_fields" time="0.168" /><testcase classname="backend.tests.test_broadcast_single_and_global_map.TestGlobalTransfersCrossBorder" name="test_cross_border_count_matches_items" time="0.171" /><testcase classname="backend.tests.test_broadcast_single_and_global_map.TestGlobalTransfersCrossBorder" name="test_cross_border_items_use_corridor_map_and_hubs" time="0.200" /><testcase classname="backend.tests.test_broadcast_single_and_global_map.TestGlobalTransfersCrossBorder" name="test_intra_country_items_have_same_country" time="0.170" /><testcase classname="backend.tests.test_broadcast_single_and_global_map.TestGlobalTransfersCrossBorder" name="test_cross_border_ratio_in_expected_range" time="0.195" /></testsuite></testsuites>