<?xml version="1.0" encoding="utf-8"?><testsuites name="pytest tests"><testsuite name="pytest" errors="0" failures="0" skipped="0" tests="7" time="69.086" timestamp="2026-08-21T14:04:34.258086+00:00" hostname="agent-env-fb1de7be-2999-4baa-93c1-03d0e4847cea"><testcase classname="backend.tests.test_iter69_bank_withdrawal_resend" name="test_initiate_returns_email_sent_flag" time="4.943" /><testcase classname="backend.tests.test_iter69_bank_withdrawal_resend" name="test_resend_rate_limited_immediately" time="0.263" /><testcase classname="backend.tests.test_iter69_bank_withdrawal_resend" name="test_resend_404_for_unknown_request" time="0.268" /><testcase classname="backend.tests.test_iter69_bank_withdrawal_resend" name="test_resend_400_for_wrong_status" time="0.194" /><testcase classname="backend.tests.test_iter69_bank_withdrawal_resend" name="test_resend_after_cooldown" time="62.655" /><testcase classname="backend.tests.test_iter69_bank_withdrawal_resend" name="test_confirm_code_flow_intact" time="0.219" /><testcase classname="backend.tests.test_iter69_bank_withdrawal_resend" name="test_zzz_cleanup" time="0.006" /></testsuite></testsuites>