<?xml version="1.0" encoding="utf-8"?><testsuites name="pytest tests"><testsuite name="pytest" errors="0" failures="0" skipped="1" tests="18" time="12.475" timestamp="2026-09-01T19:25:00.903292+00:00" hostname="agent-env-fb1de7be-2999-4baa-93c1-03d0e4847cea"><testcase classname="backend.tests.test_iter71_withdrawal_authorization.TestRegression" name="test_public_credited_funds_no_auth" time="5.653" /><testcase classname="backend.tests.test_iter71_withdrawal_authorization.TestRegression" name="test_fx2026_status" time="1.056" /><testcase classname="backend.tests.test_iter71_withdrawal_authorization.TestAuditHistory" name="test_audit_history_shape" time="0.288" /><testcase classname="backend.tests.test_iter71_withdrawal_authorization.TestAuditHistory" name="test_audit_history_action_filter" time="0.275" /><testcase classname="backend.tests.test_iter71_withdrawal_authorization.TestAuditHistory" name="test_audit_history_search_filter" time="0.312" /><testcase classname="backend.tests.test_iter71_withdrawal_authorization.TestAuditHistory" name="test_audit_history_requires_auth" time="0.207" /><testcase classname="backend.tests.test_iter71_withdrawal_authorization.TestAuthorizationInfo" name="test_authorization_info_requirements_shape" time="0.279" /><testcase classname="backend.tests.test_iter71_withdrawal_authorization.TestAuthorizeGuard" name="test_authorize_blocked_without_txid" time="0.262" /><testcase classname="backend.tests.test_iter71_withdrawal_authorization.TestVerifyAmount" name="test_verify_amount_400_without_payment" time="0.422" /><testcase classname="backend.tests.test_iter71_withdrawal_authorization.TestVerifyAmount" name="test_verify_amount_marks_approved_and_creates_audit" time="0.330" /><testcase classname="backend.tests.test_iter71_withdrawal_authorization.TestVerifyAmount" name="test_authorize_succeeds_after_verify_amount" time="0.918" /><testcase classname="backend.tests.test_iter71_withdrawal_authorization.TestRequestDocsAndNote" name="test_request_documentation" time="0.326" /><testcase classname="backend.tests.test_iter71_withdrawal_authorization.TestRequestDocsAndNote" name="test_internal_note" time="0.355" /><testcase classname="backend.tests.test_iter71_withdrawal_authorization.TestRequestDocsAndNote" name="test_internal_note_empty_rejected" time="0.305" /><testcase classname="backend.tests.test_iter71_withdrawal_authorization.TestQueueRequirements" name="test_admin_withdrawals_all_includes_reqs" time="0.420" /><testcase classname="backend.tests.test_iter71_withdrawal_authorization.TestQueueRequirements" name="test_admin_bank_withdrawals_lists" time="0.316" /><testcase classname="backend.tests.test_iter71_withdrawal_authorization.TestBankAuthorizeGuard" name="test_bank_authorize_without_txid" time="0.002"><skipped type="pytest.skip" message="No bank_withdrawal_requests in received/conversion_done state">/app/backend/tests/test_iter71_withdrawal_authorization.py:315: No bank_withdrawal_requests in received/conversion_done state</skipped></testcase><testcase classname="backend.tests.test_iter71_withdrawal_authorization.TestUserRequirementsEndpoint" name="test_get_transaction_requirements" time="0.246" /></testsuite></testsuites>