<?xml version="1.0" encoding="utf-8"?><testsuites name="pytest tests"><testsuite name="pytest" errors="0" failures="0" skipped="0" tests="12" time="5.603" timestamp="2026-05-24T21:00:14.153527+00:00" hostname="agent-env-fb1de7be-2999-4baa-93c1-03d0e4847cea"><testcase classname="backend.tests.test_admin_proofs.TestAuthGate" name="test_proofs_requires_auth" time="2.698" /><testcase classname="backend.tests.test_admin_proofs.TestAuthGate" name="test_proof_file_requires_auth" time="0.193" /><testcase classname="backend.tests.test_admin_proofs.TestProofsListing" name="test_list_all" time="0.865" /><testcase classname="backend.tests.test_admin_proofs.TestProofsListing" name="test_list_filter_type[crypto]" time="0.180" /><testcase classname="backend.tests.test_admin_proofs.TestProofsListing" name="test_list_filter_type[bank]" time="0.166" /><testcase classname="backend.tests.test_admin_proofs.TestProofsListing" name="test_list_filter_type[mt5]" time="0.169" /><testcase classname="backend.tests.test_admin_proofs.TestProofsListing" name="test_list_filter_type[partial-unlock]" time="0.158" /><testcase classname="backend.tests.test_admin_proofs.TestProofsListing" name="test_limit_param_respected" time="0.164" /><testcase classname="backend.tests.test_admin_proofs.TestProofsListing" name="test_limit_out_of_range" time="0.204" /><testcase classname="backend.tests.test_admin_proofs.TestProofFile" name="test_invalid_type_returns_404" time="0.156" /><testcase classname="backend.tests.test_admin_proofs.TestProofFile" name="test_unknown_id_returns_404" time="0.188" /><testcase classname="backend.tests.test_admin_proofs.TestProofFile" name="test_existing_crypto_without_file_returns_sin_archivo" time="0.383" /></testsuite></testsuites>