<?xml version="1.0" encoding="utf-8"?><testsuites name="pytest tests"><testsuite name="pytest" errors="0" failures="4" skipped="1" tests="10" time="14.142" timestamp="2026-05-26T22:22:16.961840+00:00" hostname="agent-env-fb1de7be-2999-4baa-93c1-03d0e4847cea"><testcase classname="tests.test_iter57_proof_audit_and_partial_unlock_emails.TestMarkViewedEndpoint" name="test_no_auth_rejected" time="4.036" /><testcase classname="tests.test_iter57_proof_audit_and_partial_unlock_emails.TestMarkViewedEndpoint" name="test_non_admin_rejected" time="1.747" /><testcase classname="tests.test_iter57_proof_audit_and_partial_unlock_emails.TestMarkViewedEndpoint" name="test_missing_args_400" time="0.178" /><testcase classname="tests.test_iter57_proof_audit_and_partial_unlock_emails.TestMarkViewedEndpoint" name="test_unknown_reference_404" time="0.172" /><testcase classname="tests.test_iter57_proof_audit_and_partial_unlock_emails.TestMarkViewedEndpoint" name="test_first_call_stamps_and_second_is_idempotent" time="0.191"><failure message="assert True is False">tests/test_iter57_proof_audit_and_partial_unlock_emails.py:114: in test_first_call_stamps_and_second_is_idempotent
    assert b1["already_reviewed"] is False
E   assert True is False</failure></testcase><testcase classname="tests.test_iter57_proof_audit_and_partial_unlock_emails.TestPartialUnlockEmails" name="test_pending_payment_email_on_start" time="7.412" /><testcase classname="tests.test_iter57_proof_audit_and_partial_unlock_emails.TestPartialUnlockEmails" name="test_in_review_email_on_full_payment" time="0.045"><failure message="AssertionError: {&quot;detail&quot;:&quot;Internal server error&quot;}&#10;assert 500 == 200&#10; +  where 500 = &lt;Response [500 Internal Server Error]&gt;.status_code">tests/test_iter57_proof_audit_and_partial_unlock_emails.py:190: in test_in_review_email_on_full_payment
    assert resp.status_code == 200, resp.text
E   AssertionError: {"detail":"Internal server error"}
E   assert 500 == 200
E    +  where 500 = &lt;Response [500 Internal Server Error]&gt;.status_code</failure></testcase><testcase classname="tests.test_iter57_proof_audit_and_partial_unlock_emails.TestPartialUnlockEmails" name="test_approved_email_on_admin_approve" time="0.013"><skipped type="pytest.skip" message="No in_review record to approve">/app/backend/tests/test_iter57_proof_audit_and_partial_unlock_emails.py:206: No in_review record to approve</skipped></testcase><testcase classname="tests.test_iter57_proof_audit_and_partial_unlock_emails.TestPartialUnlockEmails" name="test_rejected_email_on_admin_reject" time="0.022"><failure message="assert None">tests/test_iter57_proof_audit_and_partial_unlock_emails.py:233: in test_rejected_email_on_admin_reject
    assert rec
E   assert None</failure></testcase><testcase classname="tests.test_iter57_proof_audit_and_partial_unlock_emails.TestPartialUnlockEmails" name="test_email_failure_does_not_break_api" time="0.015"><failure message="AssertionError: {&quot;detail&quot;:&quot;Internal server error&quot;}&#10;assert 500 == 200&#10; +  where 500 = &lt;Response [500 Internal Server Error]&gt;.status_code">tests/test_iter57_proof_audit_and_partial_unlock_emails.py:254: in test_email_failure_does_not_break_api
    assert resp.status_code == 200, resp.text
E   AssertionError: {"detail":"Internal server error"}
E   assert 500 == 200
E    +  where 500 = &lt;Response [500 Internal Server Error]&gt;.status_code</failure></testcase></testsuite></testsuites>