<?xml version="1.0" encoding="utf-8"?><testsuites name="pytest tests"><testsuite name="pytest" errors="0" failures="0" skipped="0" tests="6" time="6.776" timestamp="2026-05-26T21:44:19.142641+00:00" hostname="agent-env-fb1de7be-2999-4baa-93c1-03d0e4847cea"><testcase classname="backend.tests.test_iter55_bank_and_partial_unlock.TestWiseRemoval" name="test_no_wise_in_backend" time="0.077" /><testcase classname="backend.tests.test_iter55_bank_and_partial_unlock.TestWiseRemoval" name="test_no_wise_in_frontend" time="0.095" /><testcase classname="backend.tests.test_iter55_bank_and_partial_unlock.TestBankTransferIBAN" name="test_bank_transfer_confirm_stores_new_iban" time="5.361" /><testcase classname="backend.tests.test_iter55_bank_and_partial_unlock.TestPartialUnlockReference" name="test_start_creates_reference_with_correct_format" time="0.210" /><testcase classname="backend.tests.test_iter55_bank_and_partial_unlock.TestPartialUnlockReference" name="test_start_is_idempotent_same_reference" time="0.537" /><testcase classname="backend.tests.test_iter55_bank_and_partial_unlock.TestPartialUnlockReference" name="test_status_returns_stable_reference" time="0.402" /></testsuite></testsuites>