<?xml version="1.0" encoding="utf-8"?><testsuites name="pytest tests"><testsuite name="pytest" errors="0" failures="0" skipped="0" tests="8" time="13.506" timestamp="2026-05-07T23:26:35.316104+00:00" hostname="agent-env-fb1de7be-2999-4baa-93c1-03d0e4847cea"><testcase classname="backend.tests.test_health_and_maintenance.TestHealth" name="test_health_fast_probe" time="3.203" /><testcase classname="backend.tests.test_health_and_maintenance.TestHealth" name="test_health_full_payload" time="0.186" /><testcase classname="backend.tests.test_health_and_maintenance.TestMaintenance" name="test_get_maintenance_initial" time="1.063" /><testcase classname="backend.tests.test_health_and_maintenance.TestMaintenance" name="test_enable_then_health_full_reflects" time="0.705" /><testcase classname="backend.tests.test_health_and_maintenance.TestMaintenance" name="test_disable_and_cleanup" time="0.454" /><testcase classname="backend.tests.test_health_and_maintenance.TestMaintenance" name="test_maintenance_requires_admin" time="0.171" /><testcase classname="backend.tests.test_health_and_maintenance.TestRegressionDebit" name="test_admin_ops_listing_still_works" time="4.938" /><testcase classname="backend.tests.test_health_and_maintenance.TestRegressionDebit" name="test_admin_transactions_endpoint" time="2.719" /></testsuite></testsuites>