<?xml version="1.0" encoding="utf-8"?><testsuites name="pytest tests"><testsuite name="pytest" errors="0" failures="0" skipped="0" tests="8" time="7.313" timestamp="2026-05-30T19:03:13.192170+00:00" hostname="agent-env-fb1de7be-2999-4baa-93c1-03d0e4847cea"><testcase classname="backend.tests.test_iter65_phase6.TestMultiCurrencyRates" name="test_rates_shape_and_live_sources" time="4.180" /><testcase classname="backend.tests.test_iter65_phase6.TestMultiCurrencyRates" name="test_rates_refresh" time="0.362" /><testcase classname="backend.tests.test_iter65_phase6.TestMultiCurrencyRates" name="test_preview_and_convert_regression" time="0.355" /><testcase classname="backend.tests.test_iter65_phase6.TestVaultHistory" name="test_upload_creates_event" time="0.361" /><testcase classname="backend.tests.test_iter65_phase6.TestVaultHistory" name="test_verify_creates_event" time="0.633" /><testcase classname="backend.tests.test_iter65_phase6.TestVaultHistory" name="test_download_creates_event" time="0.590" /><testcase classname="backend.tests.test_iter65_phase6.TestVaultHistory" name="test_certify_creates_event" time="0.601" /><testcase classname="backend.tests.test_iter65_phase6.TestVaultHistory" name="test_history_unauthorized_returns_404" time="0.149" /></testsuite></testsuites>