<?xml version="1.0" encoding="utf-8"?><testsuites name="pytest tests"><testsuite name="pytest" errors="0" failures="0" skipped="0" tests="8" time="6.826" timestamp="2026-05-24T21:39:38.664609+00:00" hostname="agent-env-fb1de7be-2999-4baa-93c1-03d0e4847cea"><testcase classname="backend.tests.test_bank_transfer_proof_notification.TestAuthGate" name="test_no_token_rejected" time="2.998" /><testcase classname="backend.tests.test_bank_transfer_proof_notification.TestAuthGate" name="test_non_admin_rejected" time="1.949" /><testcase classname="backend.tests.test_bank_transfer_proof_notification.TestValidation" name="test_missing_params_returns_400" time="0.647" /><testcase classname="backend.tests.test_bank_transfer_proof_notification.TestValidation" name="test_unknown_reference_returns_404" time="0.201" /><testcase classname="backend.tests.test_bank_transfer_proof_notification.TestValidation" name="test_unknown_payment_id_returns_404" time="0.183" /><testcase classname="backend.tests.test_bank_transfer_proof_notification.TestSeededProof" name="test_lookup_by_reference_returns_data_uri" time="0.213" /><testcase classname="backend.tests.test_bank_transfer_proof_notification.TestSeededProof" name="test_lookup_by_payment_id" time="0.413" /><testcase classname="backend.tests.test_bank_transfer_proof_notification.TestSeededProof" name="test_reference_with_leading_trailing_whitespace" time="0.152" /></testsuite></testsuites>