<?xml version="1.0" encoding="utf-8"?><testsuites name="pytest tests"><testsuite name="pytest" errors="0" failures="0" skipped="0" tests="10" time="9.618" timestamp="2026-05-06T20:42:22.060451+00:00" hostname="agent-env-fb1de7be-2999-4baa-93c1-03d0e4847cea"><testcase classname="backend.tests.test_admin_debit_balance.TestDebitValidation" name="test_reject_missing_reason" time="4.674" /><testcase classname="backend.tests.test_admin_debit_balance.TestDebitValidation" name="test_reject_short_reason" time="0.256" /><testcase classname="backend.tests.test_admin_debit_balance.TestDebitValidation" name="test_reject_invalid_currency" time="0.346" /><testcase classname="backend.tests.test_admin_debit_balance.TestDebitValidation" name="test_reject_user_not_found" time="0.275" /><testcase classname="backend.tests.test_admin_debit_balance.TestDebitValidation" name="test_requires_admin_auth" time="0.319" /><testcase classname="backend.tests.test_admin_debit_balance.TestDebitSuccess" name="test_debit_and_verify_audit_trail" time="2.240" /><testcase classname="backend.tests.test_admin_debit_balance.TestDebitSuccess" name="test_insufficient_funds" time="0.384" /><testcase classname="backend.tests.test_admin_debit_balance.TestAdminTransactions" name="test_structure_and_sorting" time="0.387" /><testcase classname="backend.tests.test_admin_debit_balance.TestAdminTransactions" name="test_user_not_found" time="0.367" /><testcase classname="backend.tests.test_admin_debit_balance.TestCreditRegression" name="test_add_balance_still_works" time="0.255" /></testsuite></testsuites>