<?xml version="1.0" encoding="utf-8"?><testsuites name="pytest tests"><testsuite name="pytest" errors="0" failures="0" skipped="0" tests="10" time="12.905" timestamp="2026-04-28T15:34:35.077078+00:00" hostname="agent-env-fb1de7be-2999-4baa-93c1-03d0e4847cea"><testcase classname="tests.test_iter42_manual_create_and_bulk_notify" name="test_admin_users_health_regression" time="4.547" /><testcase classname="tests.test_iter42_manual_create_and_bulk_notify" name="test_admin_balance_intact" time="0.164" /><testcase classname="tests.test_iter42_manual_create_and_bulk_notify" name="test_manual_create_provisions_full_finance" time="0.869" /><testcase classname="tests.test_iter42_manual_create_and_bulk_notify" name="test_manual_create_duplicate_email_400" time="0.227" /><testcase classname="tests.test_iter42_manual_create_and_bulk_notify" name="test_backfill_idempotency_after_manual_create" time="0.918" /><testcase classname="tests.test_iter42_manual_create_and_bulk_notify" name="test_bulk_notify_invalid_level" time="0.381" /><testcase classname="tests.test_iter42_manual_create_and_bulk_notify" name="test_bulk_notify_empty_subject" time="0.355" /><testcase classname="tests.test_iter42_manual_create_and_bulk_notify" name="test_bulk_notify_dry_run_excludes_admin" time="0.488" /><testcase classname="tests.test_iter42_manual_create_and_bulk_notify" name="test_bulk_notify_yellow_sends_and_creates_notifications" time="3.195" /><testcase classname="tests.test_iter42_manual_create_and_bulk_notify" name="test_auth_register_provisions_full_finance" time="1.382" /></testsuite></testsuites>