<?xml version="1.0" encoding="utf-8"?><testsuites name="pytest tests"><testsuite name="pytest" errors="0" failures="0" skipped="0" tests="13" time="3.660" timestamp="2026-05-25T23:43:55.903657+00:00" hostname="agent-env-fb1de7be-2999-4baa-93c1-03d0e4847cea"><testcase classname="backend.tests.test_broadcast_single_and_global_map.TestBroadcastSearchUsers" name="test_requires_auth" time="0.329" /><testcase classname="backend.tests.test_broadcast_single_and_global_map.TestBroadcastSearchUsers" name="test_search_filters_out_admin" time="0.913" /><testcase classname="backend.tests.test_broadcast_single_and_global_map.TestBroadcastSearchUsers" name="test_search_with_query_jorg" time="0.162" /><testcase classname="backend.tests.test_broadcast_single_and_global_map.TestBroadcastSearchUsers" name="test_search_empty_q_returns_users" time="0.172" /><testcase classname="backend.tests.test_broadcast_single_and_global_map.TestBroadcastSingleAudience" name="test_single_without_target_user_id_400" time="0.175" /><testcase classname="backend.tests.test_broadcast_single_and_global_map.TestBroadcastSingleAudience" name="test_single_with_admin_id_returns_404" time="0.294" /><testcase classname="backend.tests.test_broadcast_single_and_global_map.TestBroadcastSingleAudience" name="test_single_with_invalid_user_id_returns_404" time="0.173" /><testcase classname="backend.tests.test_broadcast_single_and_global_map.TestBroadcastSingleAudience" name="test_single_with_valid_user_creates_one_notification" time="0.333" /><testcase classname="backend.tests.test_broadcast_single_and_global_map.TestBroadcastAllAudience" name="test_all_audience_still_works" time="0.238" /><testcase classname="backend.tests.test_broadcast_single_and_global_map.TestGlobalTransfers" name="test_requires_auth" time="0.208" /><testcase classname="backend.tests.test_broadcast_single_and_global_map.TestGlobalTransfers" name="test_returns_shape" time="0.220" /><testcase classname="backend.tests.test_broadcast_single_and_global_map.TestGlobalTransfers" name="test_items_have_required_fields" time="0.197" /><testcase classname="backend.tests.test_broadcast_single_and_global_map.TestGlobalTransfers" name="test_limit_is_padded_with_demo" time="0.192" /></testsuite></testsuites>