<?xml version="1.0" encoding="utf-8"?><testsuites name="pytest tests"><testsuite name="pytest" errors="0" failures="0" skipped="0" tests="23" time="5.239" timestamp="2026-05-24T21:18:20.325382+00:00" hostname="agent-env-fb1de7be-2999-4baa-93c1-03d0e4847cea"><testcase classname="backend.tests.test_admin_proofs.TestAuthGate" name="test_proofs_requires_auth" time="0.202" /><testcase classname="backend.tests.test_admin_proofs.TestAuthGate" name="test_proof_file_requires_auth" time="0.157" /><testcase classname="backend.tests.test_admin_proofs.TestProofsListing" name="test_list_all" time="0.576" /><testcase classname="backend.tests.test_admin_proofs.TestProofsListing" name="test_list_filter_type[crypto]" time="0.154" /><testcase classname="backend.tests.test_admin_proofs.TestProofsListing" name="test_list_filter_type[bank]" time="0.156" /><testcase classname="backend.tests.test_admin_proofs.TestProofsListing" name="test_list_filter_type[mt5]" time="0.140" /><testcase classname="backend.tests.test_admin_proofs.TestProofsListing" name="test_list_filter_type[partial-unlock]" time="0.155" /><testcase classname="backend.tests.test_admin_proofs.TestProofsListing" name="test_limit_param_respected" time="0.177" /><testcase classname="backend.tests.test_admin_proofs.TestProofsListing" name="test_limit_out_of_range" time="0.150" /><testcase classname="backend.tests.test_admin_proofs.TestProofFile" name="test_invalid_type_returns_404" time="0.143" /><testcase classname="backend.tests.test_admin_proofs.TestProofFile" name="test_unknown_id_returns_404" time="0.157" /><testcase classname="backend.tests.test_admin_proofs.TestProofFile" name="test_existing_crypto_without_file_returns_sin_archivo" time="0.274" /><testcase classname="backend.tests.test_admin_proofs.TestProofActionValidation" name="test_invalid_ptype_returns_404" time="0.134" /><testcase classname="backend.tests.test_admin_proofs.TestProofActionValidation" name="test_unknown_id_returns_404" time="0.133" /><testcase classname="backend.tests.test_admin_proofs.TestProofActionValidation" name="test_invalid_action_returns_400" time="0.271" /><testcase classname="backend.tests.test_admin_proofs.TestProofActionValidation" name="test_reject_without_note_returns_400" time="0.291" /><testcase classname="backend.tests.test_admin_proofs.TestProofActionValidation" name="test_action_requires_auth" time="0.127" /><testcase classname="backend.tests.test_admin_proofs.TestProofActionStamping" name="test_reviewed_does_not_change_status" time="0.457" /><testcase classname="backend.tests.test_admin_proofs.TestProofActionStamping" name="test_reject_sets_status_rejected" time="0.447" /><testcase classname="backend.tests.test_admin_proofs.TestProofActionStamping" name="test_approve_sets_status_approved" time="0.290" /><testcase classname="backend.tests.test_admin_proofs.TestProofsCsvExport" name="test_csv_requires_auth" time="0.145" /><testcase classname="backend.tests.test_admin_proofs.TestProofsCsvExport" name="test_csv_all_returns_200_with_header" time="0.141" /><testcase classname="backend.tests.test_admin_proofs.TestProofsCsvExport" name="test_csv_crypto_filter_only_crypto_rows" time="0.307" /></testsuite></testsuites>