<?xml version="1.0" encoding="utf-8"?><testsuites name="pytest tests"><testsuite name="pytest" errors="0" failures="1" skipped="0" tests="25" time="3.863" timestamp="2026-05-26T00:12:03.889571+00:00" hostname="agent-env-fb1de7be-2999-4baa-93c1-03d0e4847cea"><testcase classname="tests.test_journey_analytics.TestAuth" name="test_anonymous_forbidden" time="2.299" /><testcase classname="tests.test_journey_analytics.TestAuth" name="test_non_admin_forbidden" time="0.055" /><testcase classname="tests.test_journey_analytics.TestPayloadShape" name="test_top_level_keys" time="0.727" /><testcase classname="tests.test_journey_analytics.TestPayloadShape" name="test_stage_keys_order" time="0.001" /><testcase classname="tests.test_journey_analytics.TestPayloadShape" name="test_avg_hours_keys" time="0.001" /><testcase classname="tests.test_journey_analytics.TestPayloadShape" name="test_total_users_positive" time="0.000" /><testcase classname="tests.test_journey_analytics.TestPayloadShape" name="test_overall_conversion_pct_range" time="0.002" /><testcase classname="tests.test_journey_analytics.TestFunnel" name="test_monotonic_non_increasing" time="0.001" /><testcase classname="tests.test_journey_analytics.TestFunnel" name="test_dropoff_first_is_none" time="0.001" /><testcase classname="tests.test_journey_analytics.TestFunnel" name="test_dropoff_formula" time="0.002"><failure message="AssertionError: stage pending_review: 0.9 != 0.0&#10;assert 0.9 == 0.0">tests/test_journey_analytics.py:118: in test_dropoff_formula
    assert got == expected, (
E   AssertionError: stage pending_review: 0.9 != 0.0
E   assert 0.9 == 0.0</failure></testcase><testcase classname="tests.test_journey_analytics.TestFunnel" name="test_kyc_onward_le_withdraw" time="0.001" /><testcase classname="tests.test_journey_analytics.TestStuckAndFollowup" name="test_stuck_hours_gt_72" time="0.001" /><testcase classname="tests.test_journey_analytics.TestStuckAndFollowup" name="test_followup_hours_in_band" time="0.000" /><testcase classname="tests.test_journey_analytics.TestStuckAndFollowup" name="test_no_mongo_id" time="0.000" /><testcase classname="tests.test_journey_analytics.TestFilters" name="test_filter_country_spain" time="0.111" /><testcase classname="tests.test_journey_analytics.TestFilters" name="test_filter_method_crypto" time="0.107" /><testcase classname="tests.test_journey_analytics.TestFilters" name="test_filter_status_completed" time="0.110" /><testcase classname="tests.test_journey_analytics.TestFilters" name="test_filter_days_7_cutoff" time="0.110" /><testcase classname="tests.test_journey_analytics.TestEmptyBranchAndCountryNorm" name="test_empty_branch_country_includes_cutoff" time="0.062" /><testcase classname="tests.test_journey_analytics.TestEmptyBranchAndCountryNorm" name="test_country_normalization_espana_merged" time="0.001" /><testcase classname="tests.test_journey_analytics.TestEmptyBranchAndCountryNorm" name="test_country_alias_mexico" time="0.001" /><testcase classname="tests.test_journey_analytics.TestEmptyBranchAndCountryNorm" name="test_country_filter_espana_ascii_handled" time="0.076" /><testcase classname="tests.test_journey_analytics.TestPropagationAndClamp" name="test_completed_subset_of_proof_pending_kyc" time="0.001" /><testcase classname="tests.test_journey_analytics.TestPropagationAndClamp" name="test_zero_monotonic_violations" time="0.001" /><testcase classname="tests.test_journey_analytics.TestPropagationAndClamp" name="test_expected_dev_data_funnel_shape" time="0.001" /></testsuite></testsuites>