<?xml version="1.0" encoding="utf-8"?><testsuites name="pytest tests"><testsuite name="pytest" errors="0" failures="1" skipped="0" tests="18" time="3.032" timestamp="2026-05-26T00:04:44.814916+00:00" hostname="agent-env-fb1de7be-2999-4baa-93c1-03d0e4847cea"><testcase classname="backend.tests.test_journey_analytics.TestAuth" name="test_anonymous_forbidden" time="0.405" /><testcase classname="backend.tests.test_journey_analytics.TestAuth" name="test_non_admin_forbidden" time="0.070" /><testcase classname="backend.tests.test_journey_analytics.TestPayloadShape" name="test_top_level_keys" time="0.725" /><testcase classname="backend.tests.test_journey_analytics.TestPayloadShape" name="test_stage_keys_order" time="0.000" /><testcase classname="backend.tests.test_journey_analytics.TestPayloadShape" name="test_avg_hours_keys" time="0.001" /><testcase classname="backend.tests.test_journey_analytics.TestPayloadShape" name="test_total_users_positive" time="0.001" /><testcase classname="backend.tests.test_journey_analytics.TestPayloadShape" name="test_overall_conversion_pct_range" time="0.000" /><testcase classname="backend.tests.test_journey_analytics.TestFunnel" name="test_monotonic_non_increasing" time="0.001"><failure message="AssertionError: funnel broken at completed: 114 &gt; 0&#10;assert 114 &lt;= 0">backend/tests/test_journey_analytics.py:102: in test_monotonic_non_increasing
    assert curr_c &lt;= prev_c, (
E   AssertionError: funnel broken at completed: 114 &gt; 0
E   assert 114 &lt;= 0</failure></testcase><testcase classname="backend.tests.test_journey_analytics.TestFunnel" name="test_dropoff_first_is_none" time="0.001" /><testcase classname="backend.tests.test_journey_analytics.TestFunnel" name="test_dropoff_formula" time="0.001" /><testcase classname="backend.tests.test_journey_analytics.TestFunnel" name="test_kyc_onward_le_withdraw" time="0.001" /><testcase classname="backend.tests.test_journey_analytics.TestStuckAndFollowup" name="test_stuck_hours_gt_72" time="0.001" /><testcase classname="backend.tests.test_journey_analytics.TestStuckAndFollowup" name="test_followup_hours_in_band" time="0.001" /><testcase classname="backend.tests.test_journey_analytics.TestStuckAndFollowup" name="test_no_mongo_id" time="0.001" /><testcase classname="backend.tests.test_journey_analytics.TestFilters" name="test_filter_country_spain" time="0.086" /><testcase classname="backend.tests.test_journey_analytics.TestFilters" name="test_filter_method_crypto" time="1.428" /><testcase classname="backend.tests.test_journey_analytics.TestFilters" name="test_filter_status_completed" time="0.110" /><testcase classname="backend.tests.test_journey_analytics.TestFilters" name="test_filter_days_7_cutoff" time="0.108" /></testsuite></testsuites>