<?xml version="1.0" encoding="utf-8"?><testsuites name="pytest tests"><testsuite name="pytest" errors="0" failures="0" skipped="0" tests="25" time="15.440" timestamp="2026-04-12T01:52:46.074918+00:00" hostname="agent-env-fb1de7be-2999-4baa-93c1-03d0e4847cea"><testcase classname="tests.test_modularization_regression.TestHealthAndRoot" name="test_root_endpoint" time="0.330" /><testcase classname="tests.test_modularization_regression.TestAuthRoutes" name="test_admin_login" time="0.818" /><testcase classname="tests.test_modularization_regression.TestAuthRoutes" name="test_user_login" time="0.577" /><testcase classname="tests.test_modularization_regression.TestAuthRoutes" name="test_get_me_authenticated" time="0.781" /><testcase classname="tests.test_modularization_regression.TestAuthRoutes" name="test_get_me_unauthenticated" time="0.228" /><testcase classname="tests.test_modularization_regression.TestAccountRoutes" name="test_get_accounts" time="0.798" /><testcase classname="tests.test_modularization_regression.TestAccountRoutes" name="test_get_account_summary" time="0.763" /><testcase classname="tests.test_modularization_regression.TestGamificationRoutes" name="test_get_user_level" time="0.726" /><testcase classname="tests.test_modularization_regression.TestGamificationRoutes" name="test_get_user_achievements" time="0.737" /><testcase classname="tests.test_modularization_regression.TestSupportRoutes" name="test_get_support_tickets" time="0.733" /><testcase classname="tests.test_modularization_regression.TestSupportRoutes" name="test_create_support_ticket" time="1.006" /><testcase classname="tests.test_modularization_regression.TestTransactionRoutes" name="test_get_transactions" time="0.928" /><testcase classname="tests.test_modularization_regression.TestTransactionRoutes" name="test_get_withdrawal_history" time="0.738" /><testcase classname="tests.test_modularization_regression.TestNotificationRoutes" name="test_get_notifications" time="0.754" /><testcase classname="tests.test_modularization_regression.TestAdminRoutes" name="test_admin_get_users" time="0.766" /><testcase classname="tests.test_modularization_regression.TestAdminRoutes" name="test_admin_get_all_withdrawals" time="0.709" /><testcase classname="tests.test_modularization_regression.TestAdminRoutes" name="test_admin_get_pending_crypto_payments" time="0.723" /><testcase classname="tests.test_modularization_regression.TestAdminRoutes" name="test_admin_get_activity" time="0.740" /><testcase classname="tests.test_modularization_regression.TestAdminRoutes" name="test_admin_get_kyc_submissions" time="0.690" /><testcase classname="tests.test_modularization_regression.TestAdminRoutes" name="test_admin_get_support_tickets" time="0.717" /><testcase classname="tests.test_modularization_regression.TestMiscRoutes" name="test_get_exchange_rates" time="0.170" /><testcase classname="tests.test_modularization_regression.TestMiscRoutes" name="test_get_crypto_wallets" time="0.171" /><testcase classname="tests.test_modularization_regression.TestMiscRoutes" name="test_get_market_crypto" time="0.340" /><testcase classname="tests.test_modularization_regression.TestMiscRoutes" name="test_chatbot_message" time="0.154" /><testcase classname="tests.test_modularization_regression.TestUserRegistration" name="test_register_duplicate_email" time="0.166" /></testsuite></testsuites>