<?xml version="1.0" encoding="utf-8"?><testsuites name="pytest tests"><testsuite name="pytest" errors="0" failures="1" skipped="0" tests="7" time="9.996" timestamp="2026-07-31T18:20:53.017074+00:00" hostname="agent-env-fb1de7be-2999-4baa-93c1-03d0e4847cea"><testcase classname="backend.tests.test_secure_message_center.TestInboxBasics" name="test_inbox_admin_ok" time="3.023" /><testcase classname="backend.tests.test_secure_message_center.TestInboxBasics" name="test_inbox_requires_auth" time="0.167" /><testcase classname="backend.tests.test_secure_message_center.TestInboxBasics" name="test_inbox_kind_filter" time="0.180" /><testcase classname="backend.tests.test_secure_message_center.TestInboxBasics" name="test_inbox_unread_only" time="0.213" /><testcase classname="backend.tests.test_secure_message_center.TestTicketUnreadFlow" name="test_full_flow" time="4.737"><failure message="AssertionError: {&quot;detail&quot;:[{&quot;type&quot;:&quot;missing&quot;,&quot;loc&quot;:[&quot;body&quot;,&quot;ticket_id&quot;],&quot;msg&quot;:&quot;Field required&quot;,&quot;input&quot;:{&quot;message&quot;:&quot;Respuesta del equipo LIONSBIT&quot;},&quot;url&quot;:&quot;https://errors.pydantic.dev/2.12/v/missing&quot;}]}&#10;assert 422 in (200, 201)&#10; +  where 422 = &lt;Response [422]&gt;.status_code">backend/tests/test_secure_message_center.py:110: in test_full_flow
    assert r.status_code in (200, 201), r.text
E   AssertionError: {"detail":[{"type":"missing","loc":["body","ticket_id"],"msg":"Field required","input":{"message":"Respuesta del equipo LIONSBIT"},"url":"https://errors.pydantic.dev/2.12/v/missing"}]}
E   assert 422 in (200, 201)
E    +  where 422 = &lt;Response [422]&gt;.status_code</failure></testcase><testcase classname="backend.tests.test_secure_message_center.TestTicketUnreadFlow" name="test_seen_404_for_missing" time="0.292" /><testcase classname="backend.tests.test_secure_message_center.TestBroadcastAppearsInInbox" name="test_broadcast" time="1.287" /></testsuite></testsuites>