<?xml version="1.0" encoding="utf-8"?><testsuites name="pytest tests"><testsuite name="pytest" errors="0" failures="0" skipped="0" tests="11" time="4.270" timestamp="2026-04-25T15:30:11.242756+00:00" hostname="agent-env-fb1de7be-2999-4baa-93c1-03d0e4847cea"><testcase classname="backend.tests.test_mt5_hub.TestHubLimits" name="test_limits_contract" time="3.563" /><testcase classname="backend.tests.test_mt5_hub.TestGlobalFeed" name="test_global_feed_contract" time="0.058" /><testcase classname="backend.tests.test_mt5_hub.TestBlockchainTxs" name="test_received" time="0.054" /><testcase classname="backend.tests.test_mt5_hub.TestBlockchainTxs" name="test_paid" time="0.066" /><testcase classname="backend.tests.test_mt5_hub.TestBlockchainTxs" name="test_invalid_direction" time="0.055" /><testcase classname="backend.tests.test_mt5_hub.TestReserve" name="test_reserve_happy" time="0.056" /><testcase classname="backend.tests.test_mt5_hub.TestReserve" name="test_reserve_amount_too_low" time="0.054" /><testcase classname="backend.tests.test_mt5_hub.TestReserve" name="test_reserve_past_date" time="0.056" /><testcase classname="backend.tests.test_mt5_hub.TestReserve" name="test_reserve_too_far_future" time="0.064" /><testcase classname="backend.tests.test_mt5_hub.TestReserve" name="test_reserve_missing_target_date" time="0.055" /><testcase classname="backend.tests.test_mt5_hub.TestReservationsList" name="test_list_reservations" time="0.113" /></testsuite></testsuites>