<?xml version="1.0" encoding="utf-8"?><testsuites name="pytest tests"><testsuite name="pytest" errors="0" failures="0" skipped="0" tests="13" time="8.149" timestamp="2026-04-24T20:14:10.755633+00:00" hostname="agent-env-fb1de7be-2999-4baa-93c1-03d0e4847cea"><testcase classname="backend.tests.test_mt5_chart.TestCandles" name="test_candles_eurusd_h1_200" time="0.922" /><testcase classname="backend.tests.test_mt5_chart.TestCandles" name="test_candles_multiple_timeframes[M1-240]" time="0.139" /><testcase classname="backend.tests.test_mt5_chart.TestCandles" name="test_candles_multiple_timeframes[M15-200]" time="0.144" /><testcase classname="backend.tests.test_mt5_chart.TestCandles" name="test_candles_multiple_timeframes[D1-120]" time="0.150" /><testcase classname="backend.tests.test_mt5_chart.TestCandles" name="test_candles_invalid_symbol_400" time="0.125" /><testcase classname="backend.tests.test_mt5_chart.TestCandles" name="test_candles_invalid_timeframe_400" time="0.173" /><testcase classname="backend.tests.test_mt5_chart.TestTick" name="test_tick_returns_bid_ask_last_bar" time="0.153" /><testcase classname="backend.tests.test_mt5_chart.TestTick" name="test_tick_live_drift_between_calls" time="5.508" /><testcase classname="backend.tests.test_mt5_chart.TestTick" name="test_tick_invalid_symbol_400" time="0.139" /><testcase classname="backend.tests.test_mt5_chart.TestCalculator" name="test_calculator_eurusd_0_1" time="0.152" /><testcase classname="backend.tests.test_mt5_chart.TestAccountAndSymbols" name="test_account" time="0.176" /><testcase classname="backend.tests.test_mt5_chart.TestAccountAndSymbols" name="test_symbols_list" time="0.179" /><testcase classname="backend.tests.test_mt5_chart.TestAccountAndSymbols" name="test_operations" time="0.141" /></testsuite></testsuites>