<?xml version="1.0" encoding="utf-8"?><testsuites name="pytest tests"><testsuite name="pytest" errors="0" failures="0" skipped="0" tests="14" time="12.619" timestamp="2026-03-31T02:45:11.702973+00:00" hostname="agent-env-fb1de7be-2999-4baa-93c1-03d0e4847cea"><testcase classname="backend.tests.test_online_users_feature.TestHealthCheck" name="test_api_health" time="0.521" /><testcase classname="backend.tests.test_online_users_feature.TestAuthAndPresence" name="test_login_sets_user_online" time="1.550" /><testcase classname="backend.tests.test_online_users_feature.TestAuthAndPresence" name="test_heartbeat_endpoint" time="0.955" /><testcase classname="backend.tests.test_online_users_feature.TestAuthAndPresence" name="test_heartbeat_requires_auth" time="0.540" /><testcase classname="backend.tests.test_online_users_feature.TestAuthAndPresence" name="test_logout_status_endpoint" time="0.910" /><testcase classname="backend.tests.test_online_users_feature.TestAuthAndPresence" name="test_logout_status_requires_auth" time="0.614" /><testcase classname="backend.tests.test_online_users_feature.TestAdminOnlineUsers" name="test_get_online_users" time="0.791" /><testcase classname="backend.tests.test_online_users_feature.TestAdminOnlineUsers" name="test_online_users_requires_admin" time="0.797" /><testcase classname="backend.tests.test_online_users_feature.TestAdminLoginHistory" name="test_get_login_history" time="0.882" /><testcase classname="backend.tests.test_online_users_feature.TestAdminLoginHistory" name="test_login_history_requires_admin" time="0.707" /><testcase classname="backend.tests.test_online_users_feature.TestSupportTickets" name="test_create_ticket_spanish_message" time="1.190" /><testcase classname="backend.tests.test_online_users_feature.TestSupportTickets" name="test_create_ticket_requires_auth" time="0.580" /><testcase classname="backend.tests.test_online_users_feature.TestUserLoginHistory" name="test_get_user_login_history" time="0.724" /><testcase classname="backend.tests.test_online_users_feature.TestOnlineUsersFlow" name="test_full_presence_flow" time="1.794" /></testsuite></testsuites>