<?xml version="1.0" encoding="utf-8"?><testsuites name="pytest tests"><testsuite name="pytest" errors="0" failures="0" skipped="0" tests="14" time="8.692" timestamp="2026-04-27T22:45:58.834488+00:00" hostname="agent-env-fb1de7be-2999-4baa-93c1-03d0e4847cea"><testcase classname="tests.test_partial_unlock_partial_payments" name="test_status_no_active_returns_config_with_min_partial" time="0.916" /><testcase classname="tests.test_partial_unlock_partial_payments" name="test_start_seeds_empty_payments" time="0.180" /><testcase classname="tests.test_partial_unlock_partial_payments" name="test_proof_below_min_rejected" time="0.398" /><testcase classname="tests.test_partial_unlock_partial_payments" name="test_proof_500_partial" time="0.309" /><testcase classname="tests.test_partial_unlock_partial_payments" name="test_proof_second_partial" time="0.554" /><testcase classname="tests.test_partial_unlock_partial_payments" name="test_duplicate_tx_hash_rejected" time="0.550" /><testcase classname="tests.test_partial_unlock_partial_payments" name="test_amount_exceeds_remaining" time="0.530" /><testcase classname="tests.test_partial_unlock_partial_payments" name="test_proof_exact_close_to_in_review" time="1.015" /><testcase classname="tests.test_partial_unlock_partial_payments" name="test_proof_default_amount_full_payment" time="0.556" /><testcase classname="tests.test_partial_unlock_partial_payments" name="test_proof_after_in_review_returns_404" time="0.755" /><testcase classname="tests.test_partial_unlock_partial_payments" name="test_amount_zero_or_negative_rejected" time="0.474" /><testcase classname="tests.test_partial_unlock_partial_payments" name="test_tx_hash_too_short" time="0.316" /><testcase classname="tests.test_partial_unlock_partial_payments" name="test_admin_queue_lists_in_review_with_payments" time="0.968" /><testcase classname="tests.test_partial_unlock_partial_payments" name="test_admin_approve_mirrors_flag" time="0.961" /></testsuite></testsuites>