<?xml version="1.0" encoding="utf-8"?><testsuites name="pytest tests"><testsuite name="pytest" errors="0" failures="0" skipped="0" tests="18" time="5.464" timestamp="2026-04-27T22:14:16.304573+00:00" hostname="agent-env-fb1de7be-2999-4baa-93c1-03d0e4847cea"><testcase classname="backend.tests.test_partial_unlock" name="test_status_initial_no_active" time="1.036" /><testcase classname="backend.tests.test_partial_unlock" name="test_start_creates_pending_payment" time="0.188" /><testcase classname="backend.tests.test_partial_unlock" name="test_start_is_idempotent" time="0.153" /><testcase classname="backend.tests.test_partial_unlock" name="test_proof_short_hash_400" time="0.149" /><testcase classname="backend.tests.test_partial_unlock" name="test_proof_empty_hash_400" time="0.161" /><testcase classname="backend.tests.test_partial_unlock" name="test_proof_valid_moves_to_in_review" time="0.462" /><testcase classname="backend.tests.test_partial_unlock" name="test_proof_without_pending_returns_404" time="0.229" /><testcase classname="backend.tests.test_partial_unlock" name="test_support_request_creates_user_notification" time="0.571" /><testcase classname="backend.tests.test_partial_unlock" name="test_admin_queue_default_in_review" time="0.170" /><testcase classname="backend.tests.test_partial_unlock" name="test_admin_queue_filter_all" time="0.151" /><testcase classname="backend.tests.test_partial_unlock" name="test_admin_queue_non_admin_403" time="0.679" /><testcase classname="backend.tests.test_partial_unlock" name="test_approve_unknown_id_404" time="0.177" /><testcase classname="backend.tests.test_partial_unlock" name="test_reject_empty_note_400" time="0.306" /><testcase classname="backend.tests.test_partial_unlock" name="test_approve_non_admin_403" time="0.158" /><testcase classname="backend.tests.test_partial_unlock" name="test_approve_success_mirrors_user_flag" time="0.336" /><testcase classname="backend.tests.test_partial_unlock" name="test_approve_already_approved_400" time="0.167" /><testcase classname="backend.tests.test_partial_unlock" name="test_reject_already_finalized_400" time="0.170" /><testcase classname="backend.tests.test_partial_unlock" name="test_reject_unknown_id_404" time="0.149" /></testsuite></testsuites>