<?xml version="1.0" encoding="utf-8"?><testsuites name="pytest tests"><testsuite name="pytest" errors="0" failures="0" skipped="0" tests="15" time="5.668" timestamp="2026-04-09T18:03:59.391794+00:00" hostname="agent-env-fb1de7be-2999-4baa-93c1-03d0e4847cea"><testcase classname="backend.tests.test_proof_upload_and_notifications.TestBankTransferProofUpload" name="test_confirm_with_valid_jpg_proof" time="1.161" /><testcase classname="backend.tests.test_proof_upload_and_notifications.TestBankTransferProofUpload" name="test_confirm_with_valid_png_proof" time="0.401" /><testcase classname="backend.tests.test_proof_upload_and_notifications.TestBankTransferProofUpload" name="test_confirm_with_valid_pdf_proof" time="0.511" /><testcase classname="backend.tests.test_proof_upload_and_notifications.TestBankTransferProofUpload" name="test_reject_invalid_file_extension" time="0.178" /><testcase classname="backend.tests.test_proof_upload_and_notifications.TestBankTransferProofUpload" name="test_reject_file_over_5mb" time="0.849" /><testcase classname="backend.tests.test_proof_upload_and_notifications.TestBankTransferProofUpload" name="test_restricted_user_gets_403" time="0.566" /><testcase classname="backend.tests.test_proof_upload_and_notifications.TestBankTransferProofUpload" name="test_confirm_without_proof_still_works" time="0.354" /><testcase classname="backend.tests.test_proof_upload_and_notifications.TestBankTransferProofUpload" name="test_requires_authentication" time="0.180" /><testcase classname="backend.tests.test_proof_upload_and_notifications.TestNotifications" name="test_get_notifications" time="0.144" /><testcase classname="backend.tests.test_proof_upload_and_notifications.TestNotifications" name="test_notification_has_required_fields" time="0.159" /><testcase classname="backend.tests.test_proof_upload_and_notifications.TestNotifications" name="test_mark_notification_as_read" time="0.311" /><testcase classname="backend.tests.test_proof_upload_and_notifications.TestNotifications" name="test_mark_all_notifications_read" time="0.291" /><testcase classname="backend.tests.test_proof_upload_and_notifications.TestNotifications" name="test_notifications_require_auth" time="0.192" /><testcase classname="backend.tests.test_proof_upload_and_notifications.TestExistingFeatures" name="test_visa_mc_skrill_still_show_proximamente" time="0.135" /><testcase classname="backend.tests.test_proof_upload_and_notifications.TestExistingFeatures" name="test_country_bank_data_exists" time="0.131" /></testsuite></testsuites>