<?xml version="1.0" encoding="utf-8"?><testsuites name="pytest tests"><testsuite name="pytest" errors="0" failures="0" skipped="0" tests="18" time="12.209" timestamp="2026-03-14T14:16:38.290418+00:00" hostname="agent-env-f48504db-97d4-4eba-bad2-9a3bde70e996"><testcase classname="backend.tests.test_new_features.TestLoginHistory" name="test_login_returns_login_info" time="0.489" /><testcase classname="backend.tests.test_new_features.TestLoginHistory" name="test_get_login_history" time="0.485" /><testcase classname="backend.tests.test_new_features.TestSupportTickets" name="test_create_ticket" time="0.491" /><testcase classname="backend.tests.test_new_features.TestSupportTickets" name="test_get_my_tickets" time="0.535" /><testcase classname="backend.tests.test_new_features.TestSupportTickets" name="test_get_single_ticket" time="0.553" /><testcase classname="backend.tests.test_new_features.TestSupportTickets" name="test_reply_to_ticket" time="0.740" /><testcase classname="backend.tests.test_new_features.TestSupportTickets" name="test_ticket_categories" time="0.671" /><testcase classname="backend.tests.test_new_features.TestAdminSupport" name="test_admin_get_all_tickets" time="0.489" /><testcase classname="backend.tests.test_new_features.TestAdminSupport" name="test_admin_reply_to_ticket" time="0.954" /><testcase classname="backend.tests.test_new_features.TestAdminSupport" name="test_admin_update_ticket_status" time="1.715" /><testcase classname="backend.tests.test_new_features.TestChangePassword" name="test_change_password_success" time="1.588" /><testcase classname="backend.tests.test_new_features.TestChangePassword" name="test_change_password_wrong_current" time="0.766" /><testcase classname="backend.tests.test_new_features.TestChangePassword" name="test_change_password_short_new" time="0.499" /><testcase classname="backend.tests.test_new_features.TestPasswordReset" name="test_request_password_reset" time="0.150" /><testcase classname="backend.tests.test_new_features.TestPasswordReset" name="test_request_password_reset_nonexistent_email" time="0.132" /><testcase classname="backend.tests.test_new_features.TestPasswordReset" name="test_admin_can_see_password_reset_requests" time="0.924" /><testcase classname="backend.tests.test_new_features.TestTicketValidation" name="test_ticket_subject_too_short" time="0.481" /><testcase classname="backend.tests.test_new_features.TestTicketValidation" name="test_ticket_message_too_short" time="0.455" /></testsuite></testsuites>