<?xml version="1.0" encoding="utf-8"?><testsuites name="pytest tests"><testsuite name="pytest" errors="0" failures="0" skipped="0" tests="21" time="35.002" timestamp="2026-04-09T22:57:52.459722+00:00" hostname="agent-env-fb1de7be-2999-4baa-93c1-03d0e4847cea"><testcase classname="backend.tests.test_refactored_endpoints.TestAuthEndpoints" name="test_admin_login_success" time="1.755" /><testcase classname="backend.tests.test_refactored_endpoints.TestAuthEndpoints" name="test_register_new_user" time="1.602" /><testcase classname="backend.tests.test_refactored_endpoints.TestAuthEndpoints" name="test_login_invalid_credentials" time="0.286" /><testcase classname="backend.tests.test_refactored_endpoints.TestAccountsEndpoints" name="test_get_accounts_with_auth" time="1.590" /><testcase classname="backend.tests.test_refactored_endpoints.TestAccountsEndpoints" name="test_get_accounts_without_auth" time="0.314" /><testcase classname="backend.tests.test_refactored_endpoints.TestAdminEndpoints" name="test_get_admin_users" time="1.061" /><testcase classname="backend.tests.test_refactored_endpoints.TestAdminEndpoints" name="test_get_pending_withdrawals" time="1.417" /><testcase classname="backend.tests.test_refactored_endpoints.TestAdminEndpoints" name="test_admin_users_without_admin_role" time="2.728" /><testcase classname="backend.tests.test_refactored_endpoints.TestCryptoWalletsEndpoint" name="test_get_crypto_wallets" time="2.123" /><testcase classname="backend.tests.test_refactored_endpoints.TestChatbotEndpoint" name="test_chatbot_message_retiro" time="1.683" /><testcase classname="backend.tests.test_refactored_endpoints.TestChatbotEndpoint" name="test_chatbot_message_impuesto" time="1.182" /><testcase classname="backend.tests.test_refactored_endpoints.TestPaymentsEndpoint" name="test_bank_transfer_access_admin" time="1.773" /><testcase classname="backend.tests.test_refactored_endpoints.TestNotificationsEndpoint" name="test_get_notifications" time="1.775" /><testcase classname="backend.tests.test_refactored_endpoints.TestSupportTicketsEndpoint" name="test_create_support_ticket" time="2.929" /><testcase classname="backend.tests.test_refactored_endpoints.TestUserDashboardEndpoint" name="test_get_user_dashboard" time="2.018" /><testcase classname="backend.tests.test_refactored_endpoints.TestAuthMeEndpoint" name="test_get_current_user" time="1.229" /><testcase classname="backend.tests.test_refactored_endpoints.TestImportedModulesWorking" name="test_password_hashing_works" time="0.744" /><testcase classname="backend.tests.test_refactored_endpoints.TestImportedModulesWorking" name="test_jwt_token_creation_works" time="1.636" /><testcase classname="backend.tests.test_refactored_endpoints.TestImportedModulesWorking" name="test_notification_creation_works" time="3.670" /><testcase classname="backend.tests.test_refactored_endpoints.TestImportedModulesWorking" name="test_crypto_wallets_from_config" time="1.840" /><testcase classname="backend.tests.test_refactored_endpoints.TestImportedModulesWorking" name="test_chatbot_faq_from_config" time="1.383" /></testsuite></testsuites>