<?xml version="1.0" encoding="utf-8"?><testsuites name="pytest tests"><testsuite name="pytest" errors="0" failures="0" skipped="0" tests="8" time="8.641" timestamp="2026-04-12T14:35:46.439247+00:00" hostname="agent-env-fb1de7be-2999-4baa-93c1-03d0e4847cea"><testcase classname="backend.tests.test_registration_new_fields.TestRegistrationNewFields" name="test_register_with_all_new_fields" time="0.873" /><testcase classname="backend.tests.test_registration_new_fields.TestRegistrationNewFields" name="test_register_with_phone_only" time="0.781" /><testcase classname="backend.tests.test_registration_new_fields.TestRegistrationNewFields" name="test_register_with_investment_year" time="0.766" /><testcase classname="backend.tests.test_registration_new_fields.TestRegistrationNewFields" name="test_register_deceased_owner_without_relationship" time="1.098" /><testcase classname="backend.tests.test_registration_new_fields.TestRegistrationNewFields" name="test_register_minimal_fields" time="0.785" /><testcase classname="backend.tests.test_registration_new_fields.TestRegistrationNewFields" name="test_register_duplicate_email_fails" time="0.217" /><testcase classname="backend.tests.test_registration_new_fields.TestUserDataPersistence" name="test_new_fields_stored_in_db" time="1.566" /><testcase classname="backend.tests.test_registration_new_fields.TestAdminNotificationOnRegistration" name="test_admin_notification_created" time="2.507" /></testsuite></testsuites>