<?xml version="1.0" encoding="utf-8"?><testsuites name="pytest tests"><testsuite name="pytest" errors="0" failures="0" skipped="0" tests="10" time="3.633" timestamp="2026-04-12T02:16:15.189728+00:00" hostname="agent-env-fb1de7be-2999-4baa-93c1-03d0e4847cea"><testcase classname="backend.tests.test_rss_news.TestRSSNewsEndpoints" name="test_news_general_category" time="0.653" /><testcase classname="backend.tests.test_rss_news.TestRSSNewsEndpoints" name="test_news_crypto_category" time="0.328" /><testcase classname="backend.tests.test_rss_news.TestRSSNewsEndpoints" name="test_news_forex_category" time="0.320" /><testcase classname="backend.tests.test_rss_news.TestRSSNewsEndpoints" name="test_news_economy_category" time="0.366" /><testcase classname="backend.tests.test_rss_news.TestRSSNewsEndpoints" name="test_news_invalid_category_defaults_to_general" time="0.163" /><testcase classname="backend.tests.test_rss_news.TestRSSNewsEndpoints" name="test_news_article_structure" time="0.161" /><testcase classname="backend.tests.test_rss_news.TestImageProxy" name="test_image_proxy_valid_url" time="0.627" /><testcase classname="backend.tests.test_rss_news.TestImageProxy" name="test_image_proxy_invalid_domain" time="0.201" /><testcase classname="backend.tests.test_rss_news.TestImageProxy" name="test_image_proxy_missing_url" time="0.204" /><testcase classname="backend.tests.test_rss_news.TestImageProxy" name="test_image_proxy_cache_header" time="0.520" /></testsuite></testsuites>