<?xml version="1.0" encoding="utf-8"?><testsuites name="pytest tests"><testsuite name="pytest" errors="0" failures="0" skipped="0" tests="12" time="3.167" timestamp="2026-04-05T02:40:13.281779+00:00" hostname="agent-env-fb1de7be-2999-4baa-93c1-03d0e4847cea"><testcase classname="backend.tests.test_simplified_wallet.TestSimplifiedWallet" name="test_wallet_requires_auth" time="0.248" /><testcase classname="backend.tests.test_simplified_wallet.TestSimplifiedWallet" name="test_admin_wallet_structure" time="0.945" /><testcase classname="backend.tests.test_simplified_wallet.TestSimplifiedWallet" name="test_admin_wallet_balances" time="0.119" /><testcase classname="backend.tests.test_simplified_wallet.TestSimplifiedWallet" name="test_admin_wallet_assets_allocation" time="0.158" /><testcase classname="backend.tests.test_simplified_wallet.TestSimplifiedWallet" name="test_admin_wallet_btc_value" time="0.119" /><testcase classname="backend.tests.test_simplified_wallet.TestSimplifiedWallet" name="test_admin_wallet_eth_value" time="0.180" /><testcase classname="backend.tests.test_simplified_wallet.TestSimplifiedWallet" name="test_admin_wallet_real_prices" time="0.129" /><testcase classname="backend.tests.test_simplified_wallet.TestSimplifiedWallet" name="test_admin_wallet_distribution_chart" time="0.165" /><testcase classname="backend.tests.test_simplified_wallet.TestSimplifiedWallet" name="test_admin_wallet_top_assets" time="0.152" /><testcase classname="backend.tests.test_simplified_wallet.TestSimplifiedWallet" name="test_test_user_wallet_zero_balance" time="0.527" /><testcase classname="backend.tests.test_simplified_wallet.TestBinancePricesEndpoint" name="test_binance_prices_available" time="0.220" /><testcase classname="backend.tests.test_simplified_wallet.TestBinancePricesEndpoint" name="test_binance_tickers_available" time="0.140" /></testsuite></testsuites>