<?xml version="1.0" encoding="utf-8"?><testsuites name="pytest tests"><testsuite name="pytest" errors="0" failures="0" skipped="0" tests="5" time="3.690" timestamp="2026-04-27T22:32:34.113473+00:00" hostname="agent-env-fb1de7be-2999-4baa-93c1-03d0e4847cea"><testcase classname="tests.test_withdraw_partial_unlock_gate" name="test_A_withdraw_when_locked_returns_403" time="1.457" /><testcase classname="tests.test_withdraw_partial_unlock_gate" name="test_B_withdraw_unlocked_over_cap_returns_400" time="0.163" /><testcase classname="tests.test_withdraw_partial_unlock_gate" name="test_C_withdraw_unlocked_under_cap_succeeds" time="0.999" /><testcase classname="tests.test_withdraw_partial_unlock_gate" name="test_D_withdraw_unlocked_usd_over_cap_400" time="0.153" /><testcase classname="tests.test_withdraw_partial_unlock_gate" name="test_E_withdraw_unlocked_usd_under_cap_succeeds" time="0.861" /></testsuite></testsuites>