<?xml version="1.0" encoding="utf-8"?><testsuites name="pytest tests"><testsuite name="pytest" errors="0" failures="0" skipped="0" tests="17" time="11.814" timestamp="2026-04-16T02:35:24.598332+00:00" hostname="agent-env-fb1de7be-2999-4baa-93c1-03d0e4847cea"><testcase classname="backend.tests.test_trading_demo.TestTradingDemoEndpoints" name="test_get_prices_returns_6_assets" time="0.611" /><testcase classname="backend.tests.test_trading_demo.TestTradingDemoEndpoints" name="test_prices_have_correct_categories" time="0.571" /><testcase classname="backend.tests.test_trading_demo.TestTradingDemoEndpoints" name="test_get_account_creates_demo_with_10000" time="0.533" /><testcase classname="backend.tests.test_trading_demo.TestTradingDemoEndpoints" name="test_open_buy_trade" time="0.535" /><testcase classname="backend.tests.test_trading_demo.TestTradingDemoEndpoints" name="test_open_sell_trade" time="0.528" /><testcase classname="backend.tests.test_trading_demo.TestTradingDemoEndpoints" name="test_open_trade_invalid_symbol" time="0.556" /><testcase classname="backend.tests.test_trading_demo.TestTradingDemoEndpoints" name="test_open_trade_invalid_lot_size" time="0.752" /><testcase classname="backend.tests.test_trading_demo.TestTradingDemoEndpoints" name="test_get_positions_with_live_pl" time="0.610" /><testcase classname="backend.tests.test_trading_demo.TestTradingDemoEndpoints" name="test_close_trade_updates_balance" time="0.756" /><testcase classname="backend.tests.test_trading_demo.TestTradingDemoEndpoints" name="test_close_nonexistent_trade" time="1.005" /><testcase classname="backend.tests.test_trading_demo.TestTradingDemoEndpoints" name="test_get_trade_history" time="0.588" /><testcase classname="backend.tests.test_trading_demo.TestTradingDemoEndpoints" name="test_reset_demo_account" time="0.668" /><testcase classname="backend.tests.test_trading_demo.TestTradingDemoEndpoints" name="test_currency_conversion_usd_to_eur" time="0.545" /><testcase classname="backend.tests.test_trading_demo.TestTradingDemoEndpoints" name="test_currency_conversion_eur_to_jpy" time="0.556" /><testcase classname="backend.tests.test_trading_demo.TestTradingDemoEndpoints" name="test_currency_conversion_all_pairs" time="1.230" /><testcase classname="backend.tests.test_trading_demo.TestTradingDemoEndpoints" name="test_currency_conversion_invalid_currency" time="0.566" /><testcase classname="backend.tests.test_trading_demo.TestTradingDemoIntegration" name="test_full_trading_flow" time="1.163" /></testsuite></testsuites>