<?xml version="1.0" encoding="utf-8"?><testsuites name="pytest tests"><testsuite name="pytest" errors="0" failures="0" skipped="0" tests="17" time="10.567" timestamp="2026-04-15T16:30:36.035477+00:00" hostname="agent-env-fb1de7be-2999-4baa-93c1-03d0e4847cea"><testcase classname="backend.tests.test_trading_demo.TestTradingDemoEndpoints" name="test_get_prices_returns_6_assets" time="0.670" /><testcase classname="backend.tests.test_trading_demo.TestTradingDemoEndpoints" name="test_prices_have_correct_categories" time="0.522" /><testcase classname="backend.tests.test_trading_demo.TestTradingDemoEndpoints" name="test_get_account_creates_demo_with_10000" time="0.511" /><testcase classname="backend.tests.test_trading_demo.TestTradingDemoEndpoints" name="test_open_buy_trade" time="0.603" /><testcase classname="backend.tests.test_trading_demo.TestTradingDemoEndpoints" name="test_open_sell_trade" time="0.488" /><testcase classname="backend.tests.test_trading_demo.TestTradingDemoEndpoints" name="test_open_trade_invalid_symbol" time="0.484" /><testcase classname="backend.tests.test_trading_demo.TestTradingDemoEndpoints" name="test_open_trade_invalid_lot_size" time="0.573" /><testcase classname="backend.tests.test_trading_demo.TestTradingDemoEndpoints" name="test_get_positions_with_live_pl" time="0.578" /><testcase classname="backend.tests.test_trading_demo.TestTradingDemoEndpoints" name="test_close_trade_updates_balance" time="0.688" /><testcase classname="backend.tests.test_trading_demo.TestTradingDemoEndpoints" name="test_close_nonexistent_trade" time="0.528" /><testcase classname="backend.tests.test_trading_demo.TestTradingDemoEndpoints" name="test_get_trade_history" time="0.521" /><testcase classname="backend.tests.test_trading_demo.TestTradingDemoEndpoints" name="test_reset_demo_account" time="0.623" /><testcase classname="backend.tests.test_trading_demo.TestTradingDemoEndpoints" name="test_currency_conversion_usd_to_eur" time="0.490" /><testcase classname="backend.tests.test_trading_demo.TestTradingDemoEndpoints" name="test_currency_conversion_eur_to_jpy" time="0.485" /><testcase classname="backend.tests.test_trading_demo.TestTradingDemoEndpoints" name="test_currency_conversion_all_pairs" time="1.125" /><testcase classname="backend.tests.test_trading_demo.TestTradingDemoEndpoints" name="test_currency_conversion_invalid_currency" time="0.519" /><testcase classname="backend.tests.test_trading_demo.TestTradingDemoIntegration" name="test_full_trading_flow" time="1.055" /></testsuite></testsuites>