<?xml version="1.0" encoding="utf-8"?><testsuites name="pytest tests"><testsuite name="pytest" errors="0" failures="0" skipped="0" tests="32" time="20.319" timestamp="2026-04-16T03:04:41.562820+00:00" hostname="agent-env-fb1de7be-2999-4baa-93c1-03d0e4847cea"><testcase classname="backend.tests.test_trading_new_features.TestStopLossTakeProfit" name="test_open_trade_with_stop_loss" time="1.000" /><testcase classname="backend.tests.test_trading_new_features.TestStopLossTakeProfit" name="test_open_trade_with_take_profit" time="0.660" /><testcase classname="backend.tests.test_trading_new_features.TestStopLossTakeProfit" name="test_open_trade_with_both_sl_tp" time="0.695" /><testcase classname="backend.tests.test_trading_new_features.TestStopLossTakeProfit" name="test_positions_show_sl_tp" time="0.734" /><testcase classname="backend.tests.test_trading_new_features.TestTradingStats" name="test_get_stats_endpoint_exists" time="0.554" /><testcase classname="backend.tests.test_trading_new_features.TestTradingStats" name="test_stats_returns_profile" time="0.537" /><testcase classname="backend.tests.test_trading_new_features.TestTradingStats" name="test_stats_returns_win_rate" time="0.531" /><testcase classname="backend.tests.test_trading_new_features.TestTradingStats" name="test_stats_returns_best_worst_trade" time="0.521" /><testcase classname="backend.tests.test_trading_new_features.TestTradingStats" name="test_stats_returns_weekly_stats" time="0.572" /><testcase classname="backend.tests.test_trading_new_features.TestTradingStats" name="test_stats_returns_streak_info" time="0.570" /><testcase classname="backend.tests.test_trading_new_features.TestTradingChallenges" name="test_get_challenges_endpoint_exists" time="0.591" /><testcase classname="backend.tests.test_trading_new_features.TestTradingChallenges" name="test_challenges_returns_8_challenges" time="0.570" /><testcase classname="backend.tests.test_trading_new_features.TestTradingChallenges" name="test_challenges_have_required_fields" time="0.567" /><testcase classname="backend.tests.test_trading_new_features.TestTradingChallenges" name="test_challenges_have_correct_ids" time="0.865" /><testcase classname="backend.tests.test_trading_new_features.TestTradingChallenges" name="test_challenges_have_xp_values" time="0.635" /><testcase classname="backend.tests.test_trading_new_features.TestRiskSimulator" name="test_risk_simulate_endpoint_exists" time="0.569" /><testcase classname="backend.tests.test_trading_new_features.TestRiskSimulator" name="test_risk_simulate_returns_scenarios" time="0.535" /><testcase classname="backend.tests.test_trading_new_features.TestRiskSimulator" name="test_risk_simulate_with_sl_tp" time="0.669" /><testcase classname="backend.tests.test_trading_new_features.TestRiskSimulator" name="test_risk_simulate_returns_rr_ratio" time="0.622" /><testcase classname="backend.tests.test_trading_new_features.TestRiskSimulator" name="test_risk_simulate_returns_margin_info" time="0.632" /><testcase classname="backend.tests.test_trading_new_features.TestLearningCenter" name="test_get_learning_endpoint_exists" time="0.525" /><testcase classname="backend.tests.test_trading_new_features.TestLearningCenter" name="test_learning_returns_5_modules" time="0.527" /><testcase classname="backend.tests.test_trading_new_features.TestLearningCenter" name="test_learning_modules_have_required_fields" time="0.527" /><testcase classname="backend.tests.test_trading_new_features.TestLearningCenter" name="test_learning_modules_have_correct_ids" time="0.533" /><testcase classname="backend.tests.test_trading_new_features.TestLearningCenter" name="test_complete_learning_module" time="0.702" /><testcase classname="backend.tests.test_trading_new_features.TestLearningCenter" name="test_complete_invalid_module" time="0.508" /><testcase classname="backend.tests.test_trading_new_features.TestReplayMode" name="test_get_replay_endpoint_exists" time="0.571" /><testcase classname="backend.tests.test_trading_new_features.TestReplayMode" name="test_replay_returns_200_candles" time="0.543" /><testcase classname="backend.tests.test_trading_new_features.TestReplayMode" name="test_replay_candles_have_ohlc" time="0.580" /><testcase classname="backend.tests.test_trading_new_features.TestReplayMode" name="test_replay_works_for_different_symbols" time="1.053" /><testcase classname="backend.tests.test_trading_new_features.TestReplayMode" name="test_replay_invalid_symbol" time="0.650" /><testcase classname="backend.tests.test_trading_new_features.TestHistoryCloseReason" name="test_manual_close_shows_reason" time="0.762" /></testsuite></testsuites>