<?xml version="1.0" encoding="utf-8"?><testsuites name="pytest tests"><testsuite name="pytest" errors="0" failures="0" skipped="0" tests="8" time="2.871" timestamp="2026-04-09T22:25:14.866768+00:00" hostname="agent-env-fb1de7be-2999-4baa-93c1-03d0e4847cea"><testcase classname="backend.tests.test_user_scoring.TestUserScoring" name="test_admin_users_endpoint_returns_200" time="0.872" /><testcase classname="backend.tests.test_user_scoring.TestUserScoring" name="test_users_have_scoring_fields" time="0.216" /><testcase classname="backend.tests.test_user_scoring.TestUserScoring" name="test_admin_users_have_valid_score_values" time="0.201" /><testcase classname="backend.tests.test_user_scoring.TestUserScoring" name="test_admin_accounts_show_sin_datos_for_admins" time="0.193" /><testcase classname="backend.tests.test_user_scoring.TestUserScoring" name="test_backend_is_running" time="0.168" /><testcase classname="backend.tests.test_user_scoring.TestUserScoring" name="test_scheduler_jobs_registered" time="0.218" /><testcase classname="backend.tests.test_user_scoring.TestMobileResponsiveness" name="test_admin_users_returns_all_required_fields_for_mobile" time="0.766" /><testcase classname="backend.tests.test_user_scoring.TestMobileResponsiveness" name="test_admin_withdrawals_returns_all_required_fields_for_mobile" time="0.173" /></testsuite></testsuites>