<?xml version="1.0" encoding="utf-8"?><testsuites name="pytest tests"><testsuite name="pytest" errors="0" failures="0" skipped="0" tests="13" time="30.115" timestamp="2026-04-09T22:09:01.438502+00:00" hostname="agent-env-fb1de7be-2999-4baa-93c1-03d0e4847cea"><testcase classname="backend.tests.test_withdrawal_accordion.TestWithdrawalAccordionBackend" name="test_get_all_withdrawals_returns_200" time="3.502" /><testcase classname="backend.tests.test_withdrawal_accordion.TestWithdrawalAccordionBackend" name="test_withdrawals_have_required_fields" time="1.272" /><testcase classname="backend.tests.test_withdrawal_accordion.TestWithdrawalAccordionBackend" name="test_withdrawals_have_valid_statuses" time="1.474" /><testcase classname="backend.tests.test_withdrawal_accordion.TestWithdrawalAccordionBackend" name="test_get_withdrawal_details_returns_user_info" time="2.706" /><testcase classname="backend.tests.test_withdrawal_accordion.TestWithdrawalAccordionBackend" name="test_get_withdrawal_details_returns_history" time="2.098" /><testcase classname="backend.tests.test_withdrawal_accordion.TestWithdrawalAccordionBackend" name="test_get_withdrawal_details_404_for_invalid_id" time="3.044" /><testcase classname="backend.tests.test_withdrawal_accordion.TestWithdrawalAccordionBackend" name="test_reactivate_rejected_withdrawal" time="1.920" /><testcase classname="backend.tests.test_withdrawal_accordion.TestWithdrawalAccordionBackend" name="test_reactivate_non_rejected_returns_400" time="1.550" /><testcase classname="backend.tests.test_withdrawal_accordion.TestWithdrawalAccordionBackend" name="test_reactivate_invalid_id_returns_404" time="1.296" /><testcase classname="backend.tests.test_withdrawal_accordion.TestWithdrawalAccordionBackend" name="test_status_advancement_pending_to_processing" time="4.162" /><testcase classname="backend.tests.test_withdrawal_accordion.TestWithdrawalAccordionBackend" name="test_status_advancement_processing_to_transfer" time="2.213" /><testcase classname="backend.tests.test_withdrawal_accordion.TestWithdrawalAccordionBackend" name="test_reject_withdrawal_with_reason" time="2.238" /><testcase classname="backend.tests.test_withdrawal_accordion.TestWithdrawalAccordionBackend" name="test_endpoints_require_admin_auth" time="2.344" /></testsuite></testsuites>