<?xml version="1.0" encoding="utf-8"?><testsuites name="pytest tests"><testsuite name="pytest" errors="0" failures="0" skipped="0" tests="13" time="13.676" timestamp="2026-03-16T22:31:30.585531+00:00" hostname="agent-env-d95bb1e2-81f6-4c18-90a3-62c2c2fb14d6"><testcase classname="backend.tests.test_withdrawal_system.TestKYCRequirement" name="test_unverified_user_cannot_withdraw" time="1.095" /><testcase classname="backend.tests.test_withdrawal_system.TestKYCRequirement" name="test_verified_user_can_create_withdrawal" time="1.230" /><testcase classname="backend.tests.test_withdrawal_system.TestWithdrawalBankingInfo" name="test_withdrawal_stores_banking_info" time="1.194" /><testcase classname="backend.tests.test_withdrawal_system.TestWithdrawalBankingInfo" name="test_withdrawal_requires_account_holder" time="0.610" /><testcase classname="backend.tests.test_withdrawal_system.TestAdminWithdrawalManagement" name="test_admin_can_get_all_withdrawals" time="0.466" /><testcase classname="backend.tests.test_withdrawal_system.TestAdminWithdrawalManagement" name="test_admin_can_get_pending_withdrawals" time="0.451" /><testcase classname="backend.tests.test_withdrawal_system.TestWithdrawalStatusFlow" name="test_status_flow_pending_to_processing" time="1.569" /><testcase classname="backend.tests.test_withdrawal_system.TestWithdrawalStatusFlow" name="test_full_status_flow_to_completion" time="2.317" /><testcase classname="backend.tests.test_withdrawal_system.TestWithdrawalStatusFlow" name="test_admin_can_reject_withdrawal" time="1.399" /><testcase classname="backend.tests.test_withdrawal_system.TestWithdrawalValidation" name="test_withdrawal_requires_positive_amount" time="0.628" /><testcase classname="backend.tests.test_withdrawal_system.TestWithdrawalValidation" name="test_withdrawal_cannot_exceed_balance" time="0.569" /><testcase classname="backend.tests.test_withdrawal_system.TestNonAdminCannotManageWithdrawals" name="test_regular_user_cannot_update_withdrawal_status" time="1.031" /><testcase classname="backend.tests.test_withdrawal_system.TestNonAdminCannotManageWithdrawals" name="test_regular_user_cannot_access_admin_withdrawals" time="1.043" /></testsuite></testsuites>