<?xml version="1.0" encoding="utf-8"?><testsuites name="pytest tests"><testsuite name="pytest" errors="0" failures="0" skipped="0" tests="7" time="7.773" timestamp="2026-04-09T03:06:19.757460+00:00" hostname="agent-env-fb1de7be-2999-4baa-93c1-03d0e4847cea"><testcase classname="backend.tests.test_withdraw_methods_and_payment_issue.TestPaymentIssueEndpoint" name="test_payment_issue_with_proof_image" time="1.409" /><testcase classname="backend.tests.test_withdraw_methods_and_payment_issue.TestPaymentIssueEndpoint" name="test_payment_issue_without_proof_image" time="1.488" /><testcase classname="backend.tests.test_withdraw_methods_and_payment_issue.TestPaymentIssueEndpoint" name="test_payment_issue_requires_message" time="2.221" /><testcase classname="backend.tests.test_withdraw_methods_and_payment_issue.TestPaymentIssueEndpoint" name="test_payment_issue_requires_auth" time="1.492" /><testcase classname="backend.tests.test_withdraw_methods_and_payment_issue.TestWithdrawMethodsData" name="test_mexico_banks_count" time="0.001" /><testcase classname="backend.tests.test_withdraw_methods_and_payment_issue.TestWithdrawMethodsData" name="test_chile_banks_count" time="0.001" /><testcase classname="backend.tests.test_withdraw_methods_and_payment_issue.TestCryptoWallets" name="test_get_crypto_wallets" time="1.068" /></testsuite></testsuites>