<?xml version="1.0" encoding="utf-8"?><testsuites name="pytest tests"><testsuite name="pytest" errors="0" failures="0" skipped="0" tests="21" time="5.862" timestamp="2026-03-16T15:11:40.233525+00:00" hostname="agent-env-d3f7e0db-2869-4d03-b40e-f8cbf566cbff"><testcase classname="backend.tests.test_withdrawal_tax_system.TestCryptoWalletsAPI" name="test_get_crypto_wallets_returns_all_cryptos" time="0.457" /><testcase classname="backend.tests.test_withdrawal_tax_system.TestCryptoWalletsAPI" name="test_btc_wallet_address_correct" time="0.069" /><testcase classname="backend.tests.test_withdrawal_tax_system.TestCryptoWalletsAPI" name="test_eth_wallet_address_correct" time="0.068" /><testcase classname="backend.tests.test_withdrawal_tax_system.TestCryptoWalletsAPI" name="test_usdt_wallet_address_correct" time="0.096" /><testcase classname="backend.tests.test_withdrawal_tax_system.TestAdminPendingWithdrawals" name="test_admin_get_pending_withdrawals_returns_list" time="0.840" /><testcase classname="backend.tests.test_withdrawal_tax_system.TestAdminPendingWithdrawals" name="test_pending_withdrawals_include_user_info" time="0.171" /><testcase classname="backend.tests.test_withdrawal_tax_system.TestAdminPendingWithdrawals" name="test_pending_withdrawals_include_tax_info" time="0.082" /><testcase classname="backend.tests.test_withdrawal_tax_system.TestAdminPendingWithdrawals" name="test_pending_withdrawals_include_time_info" time="0.161" /><testcase classname="backend.tests.test_withdrawal_tax_system.TestAdminPendingWithdrawals" name="test_pending_withdrawals_include_payment_history" time="0.083" /><testcase classname="backend.tests.test_withdrawal_tax_system.TestAdminPendingWithdrawals" name="test_non_admin_cannot_access_pending_withdrawals" time="0.882" /><testcase classname="backend.tests.test_withdrawal_tax_system.TestAdminManualTaxPayment" name="test_admin_can_register_tax_payment" time="1.074" /><testcase classname="backend.tests.test_withdrawal_tax_system.TestAdminManualTaxPayment" name="test_minimum_payment_validation" time="0.209" /><testcase classname="backend.tests.test_withdrawal_tax_system.TestAdminManualTaxPayment" name="test_non_admin_cannot_register_payment" time="0.144" /><testcase classname="backend.tests.test_withdrawal_tax_system.TestWithdrawalCreation" name="test_withdrawal_requires_tax_payment" time="0.176" /><testcase classname="backend.tests.test_withdrawal_tax_system.TestUserTaxPaymentFlow" name="test_user_can_view_transactions" time="0.142" /><testcase classname="backend.tests.test_withdrawal_tax_system.TestUserTaxPaymentFlow" name="test_user_can_submit_crypto_payment" time="0.247" /><testcase classname="backend.tests.test_withdrawal_tax_system.TestTaxPaymentValidation" name="test_tax_payment_amount_is_4850" time="0.082" /><testcase classname="backend.tests.test_withdrawal_tax_system.TestTaxPaymentValidation" name="test_tax_progress_tracking" time="0.163" /><testcase classname="backend.tests.test_withdrawal_tax_system.TestAdminWithdrawalActions" name="test_admin_cannot_approve_pending_tax_withdrawal" time="0.154" /><testcase classname="backend.tests.test_withdrawal_tax_system.TestManualPaymentsHistory" name="test_admin_can_view_manual_payments" time="0.197" /><testcase classname="backend.tests.test_withdrawal_tax_system.TestManualPaymentsHistory" name="test_non_admin_cannot_view_manual_payments" time="0.148" /></testsuite></testsuites>